2020-09-18 13:12:46,703 - Main - INFO - SCRIPT Started
2020-09-18 13:12:46,703 - Main - INFO - Result  File : /home/blr/TOOLS/SECURITY_UPLOAD_UPGRADE/LOGS/10.91.116.35_2020_09_18_13_12_46//RESULT.csv
2020-09-18 13:12:46,703 - Main - INFO - LOG FILES Path: /home/blr/TOOLS/SECURITY_UPLOAD_UPGRADE/LOGS/10.91.116.35_2020_09_18_13_12_46/
2020-09-18 13:13:20,612 - Main - DEBUG - total batches : 1
2020-09-18 13:13:20,612 - Main - DEBUG - batch List : [1]
2020-09-18 13:13:20,621 - Main - DEBUG - DAY :1
2020-09-18 13:13:20,621 - Main - DEBUG - Batch : 1
2020-09-18 13:13:20,621 - Main - INFO - CPEs LIST:
2020-09-18 13:13:20,622 - Main - INFO - CPE-15-LON-DUAL-CPE-HYBRID-IPC00073-S
2020-09-18 13:13:23,638 - Main - DEBUG - 32707
2020-09-18 13:13:23,652 - Main - DEBUG - 859902a2f3221d835cdfffb0e63d2a4d
2020-09-18 13:13:23,652 - Main - DEBUG - Source File Checksum : 859902a2f3221d835cdfffb0e63d2a4d
2020-09-18 13:13:24,657 - Main - INFO - starting thread :Thread-1 For device CPE-15-LON-DUAL-CPE-HYBRID-IPC00073-S

2020-09-18 13:13:24,658 - Main - DEBUG - CMD>> : rsync -v -e 'sshpass -p XXXXXX ssh -o StrictHostKeyChecking=no' /tmp/fdc_r2s9_patch3.bin admin@20.20.73.15:/home/versa/packages --progress; exit 0
2020-09-18 13:13:25,249 - Main - DEBUG - Warning: Permanently added '20.20.73.15' (ED25519) to the list of known hosts.
fdc_r2s9_patch3.bin
            700   2%    0.00kB/s    0:00:00           32,707 100%   30.52MB/s    0:00:00 (xfr#1, to-chk=0/1)

sent 280 bytes  received 317 bytes  398.00 bytes/sec
total size is 32,707  speedup is 54.79

2020-09-18 13:13:25,251 - Main - DEBUG - CPE-15-LON-DUAL-CPE-HYBRID-IPC00073-S : file transfer Success
2020-09-18 13:13:25,251 - Main - DEBUG - Error: unable to start 
2020-09-18 13:13:25,251 - Main - INFO - <<<<<Security patch execution RESULT>>>
2020-09-18 13:13:25,252 - Main - INFO - 'cpe', 'filename', 'patch_upgrade_status'
2020-09-18 13:13:25,252 - Main - INFO - ['CPE-15-LON-DUAL-CPE-HYBRID-IPC00073-S', 'fdc_r2s9_patch3.bin', 'File Transfer Success : Transfered size 32707']
2020-09-18 13:13:25,253 - Main - INFO - Time elapsed: 0:00:38.550060

2020-09-18 13:13:25,253 - Main - INFO - Result Stored in /home/blr/TOOLS/SECURITY_UPLOAD_UPGRADE/LOGS/10.91.116.35_2020_09_18_13_12_46//RESULT.csv
2020-09-18 13:13:25,253 - Main - INFO - LOG FILES Path: /home/blr/TOOLS/SECURITY_UPLOAD_UPGRADE/LOGS/10.91.116.35_2020_09_18_13_12_46/
