2020-09-18 13:13:42,073 - Main - INFO - SCRIPT Started
2020-09-18 13:13:42,073 - Main - INFO - Result  File : /home/blr/TOOLS/SECURITY_UPLOAD_UPGRADE/LOGS/10.91.116.35_2020_09_18_13_13_42//RESULT.csv
2020-09-18 13:13:42,073 - Main - INFO - LOG FILES Path: /home/blr/TOOLS/SECURITY_UPLOAD_UPGRADE/LOGS/10.91.116.35_2020_09_18_13_13_42/
2020-09-18 13:14:10,573 - Main - INFO - total batches : 1
2020-09-18 13:14:10,574 - Main - INFO - batch List : [1]
2020-09-18 13:14:10,580 - Main - INFO - DAY :1
2020-09-18 13:14:10,580 - Main - INFO - Batch : 1
2020-09-18 13:14:10,580 - Main - INFO - CPEs LIST:
2020-09-18 13:14:10,581 - Main - INFO - CPE-15-LON-DUAL-CPE-HYBRID-IPC00073-S
2020-09-18 13:14:13,602 - Main - DEBUG - 32707
2020-09-18 13:14:13,615 - Main - DEBUG - 859902a2f3221d835cdfffb0e63d2a4d
2020-09-18 13:14:13,615 - Main - DEBUG - Source File Checksum : 859902a2f3221d835cdfffb0e63d2a4d
2020-09-18 13:14:13,619 - Main - INFO - starting thread :Thread-1 For device CPE-15-LON-DUAL-CPE-HYBRID-IPC00073-S

2020-09-18 13:14:19,252 - Main - DEBUG - 
2020-09-18 13:14:21,456 - Main - DEBUG - versa: admin@CPE-15-LON-DUAL-CPE-HYBRID-IPC00073-S-cli>
2020-09-18 13:14:21,657 - Main - DEBUG - <netmiko.versa.versa_ssh.VersaSSH object at 0x7ff2fbc800d0> connection opened
2020-09-18 13:14:32,753 - Main - DEBUG - <netmiko.versa.versa_ssh.VersaSSH object at 0x7ff2fbc800d0> connection closed
2020-09-18 13:14:32,754 - Main - DEBUG - Error: unable to start 
2020-09-18 13:14:32,754 - Main - INFO - <<<<<patch execution RESULT>>>
2020-09-18 13:14:32,755 - Main - INFO - 'cpe', 'filename', 'patch_upgrade_status'
2020-09-18 13:14:32,755 - Main - INFO - ['CPE-15-LON-DUAL-CPE-HYBRID-IPC00073-S', 'fdc_r2s9_patch3.bin', 'fdc_r2s9_patch3.bin  Patch Execution success']
2020-09-18 13:14:32,756 - Main - INFO - Time elapsed: 0:00:50.683257

2020-09-18 13:14:32,756 - Main - INFO - Result Stored in /home/blr/TOOLS/SECURITY_UPLOAD_UPGRADE/LOGS/10.91.116.35_2020_09_18_13_13_42//RESULT.csv
2020-09-18 13:14:32,757 - Main - INFO - LOG FILES Path: /home/blr/TOOLS/SECURITY_UPLOAD_UPGRADE/LOGS/10.91.116.35_2020_09_18_13_13_42/
