2020-09-18 10:58:39,712 - Main - INFO - SCRIPT Started
2020-09-18 10:58:39,712 - Main - INFO - Result  File : /home/blr/TOOLS/SECURITY_UPLOAD_UPGRADE/LOGS/10.91.116.35_2020_09_18_10_58_39//RESULT.csv
2020-09-18 10:58:39,713 - Main - INFO - LOG FILES Path: /home/blr/TOOLS/SECURITY_UPLOAD_UPGRADE/LOGS/10.91.116.35_2020_09_18_10_58_39/
2020-09-18 10:59:50,986 - Main - INFO - total batches : 1
2020-09-18 10:59:50,989 - Main - INFO - batch List : [1]
2020-09-18 10:59:51,004 - Main - INFO - DAY :1
2020-09-18 10:59:51,004 - Main - INFO - Batch : 1
2020-09-18 10:59:51,004 - Main - INFO - BELOW ARE THE CPEs going for Upgrade:
2020-09-18 10:59:51,013 - Main - INFO - CPE-21-BLR-SINGLE-CPE-MPLSONLY-IPC00073
2020-09-18 10:59:54,031 - Main - DEBUG - 32707
2020-09-18 10:59:54,061 - Main - DEBUG - 859902a2f3221d835cdfffb0e63d2a4d
2020-09-18 10:59:54,061 - Main - DEBUG - Source File Checksum : 859902a2f3221d835cdfffb0e63d2a4d
2020-09-18 10:59:54,065 - Main - INFO - starting thread :Thread-1 For device CPE-21-BLR-SINGLE-CPE-MPLSONLY-IPC00073

2020-09-18 10:59:59,623 - Main - DEBUG - 
2020-09-18 11:00:01,826 - Main - DEBUG - versa: admin@CPE-21-BLR-SINGLE-CPE-MPLSONLY-IPC00073-cli>
2020-09-18 11:00:02,128 - Main - DEBUG - <netmiko.versa.versa_ssh.VersaSSH object at 0x7fe40c8c40d0> connection opened
2020-09-18 11:00:13,222 - Main - DEBUG - <netmiko.versa.versa_ssh.VersaSSH object at 0x7fe40c8c40d0> connection closed
2020-09-18 11:00:13,223 - Main - DEBUG - Error: unable to start 
2020-09-18 11:00:13,223 - Main - INFO - <<<<<patch execution RESULT>>>
2020-09-18 11:00:13,223 - Main - INFO - 'cpe', 'filename', 'patch_upgrade_status'
2020-09-18 11:00:13,223 - Main - INFO - ['CPE-21-BLR-SINGLE-CPE-MPLSONLY-IPC00073', 'fdc_r2s9_patch3.bin', 'fdc_r2s9_patch3.bin  Patch Execution success']
2020-09-18 11:00:13,224 - Main - INFO - Time elapsed: 0:01:33.512599

2020-09-18 11:00:13,225 - Main - INFO - Result Stored in /home/blr/TOOLS/SECURITY_UPLOAD_UPGRADE/LOGS/10.91.116.35_2020_09_18_10_58_39//RESULT.csv
2020-09-18 11:00:13,225 - Main - INFO - LOG FILES Path: /home/blr/TOOLS/SECURITY_UPLOAD_UPGRADE/LOGS/10.91.116.35_2020_09_18_10_58_39/
