2020-10-23 06:57:55,850 - Main - INFO - SCRIPT Started
2020-10-23 06:57:55,850 - Main - INFO - Result  File : /opt/script/TOOLS/SECURITY_UPLOAD_UPGRADE/LOGS/10.5.20.3_2020_10_23_06_57_55//RESULT.csv
2020-10-23 06:57:55,851 - Main - INFO - LOG FILES Path: /opt/script/TOOLS/SECURITY_UPLOAD_UPGRADE/LOGS/10.5.20.3_2020_10_23_06_57_55/
2020-10-23 06:59:09,883 - Main - INFO - DAY :1
2020-10-23 06:59:09,883 - Main - INFO - Batch : 1
2020-10-23 06:59:09,884 - Main - INFO - CPEs LIST:
2020-10-23 06:59:09,888 - Main - INFO - AGF000022
2020-10-23 06:59:09,889 - Main - INFO - AGP000094
2020-10-23 06:59:09,890 - Main - INFO - AMS000089
2020-10-23 06:59:09,890 - Main - INFO - AMS000095
2020-10-23 06:59:09,891 - Main - INFO - AMS000099
2020-10-23 06:59:09,892 - Main - INFO - AMS000118
2020-10-23 06:59:09,892 - Main - INFO - AMS000126
2020-10-23 06:59:09,893 - Main - INFO - AMS000170
2020-10-23 06:59:09,893 - Main - INFO - AMS000206
2020-10-23 06:59:09,894 - Main - INFO - AMS000208
2020-10-23 06:59:09,895 - Main - INFO - AMS000342
2020-10-23 06:59:09,895 - Main - INFO - AMS000344
2020-10-23 06:59:09,896 - Main - INFO - AMS000603
2020-10-23 06:59:09,897 - Main - INFO - AMS000631
