2020-09-10 13:41:50,435 - Main - INFO - SCRIPT Started
2020-09-10 13:41:50,435 - Main - INFO - Result  File : /home/blr/TOOLS/PRODUCTION_UPGRADE_TOOL/LOGS/10.91.116.35_2020_09_10_13_41_50//RESULT.csv
2020-09-10 13:41:50,435 - Main - INFO - LOG FILES Path: /home/blr/TOOLS/PRODUCTION_UPGRADE_TOOL/LOGS/10.91.116.35_2020_09_10_13_41_50/
2020-09-10 13:43:13,113 - Main - INFO - DAY :1
2020-09-10 13:43:13,113 - Main - INFO - Batch : 1
2020-09-10 13:43:13,113 - Main - INFO - BELOW ARE THE CPEs going for Upgrade:
2020-09-10 13:43:13,114 - Main - INFO - <><><><><><><><><><><><><><><><><><><><><><><><><><><><><><><><><><><><><><><><><><><><><><><><><><>
2020-09-10 13:43:13,122 - Main - INFO - CPE-21-BLR-SINGLE-CPE-MPLSONLY-IPC00073
2020-09-10 13:43:13,122 - Main - INFO - <><><><><><><><><><><><><><><><><><><><><><><><><><><><><><><><><><><><><><><><><><><><><><><><><><>
2020-09-10 13:43:36,675 - Main - INFO - 
2020-09-10 13:43:42,683 - Main - INFO - <><><><><><><><><><><><><><><><><><><><><><><><><><><><><><><><><><><><><><><><><><><><><><><><><><>
2020-09-10 13:43:42,683 - Main - INFO - before_upgrade Actions for : CPE-21-BLR-SINGLE-CPE-MPLSONLY-IPC00073
2020-09-10 13:43:42,684 - Main - INFO - <><><><><><><><><><><><><><><><><><><><><><><><><><><><><><><><><><><><><><><><><><><><><><><><><><>
2020-09-10 13:43:42,684 - Main - INFO - CMD>> : request devices device CPE-21-BLR-SINGLE-CPE-MPLSONLY-IPC00073 ping
2020-09-10 13:43:45,694 - Main - INFO - request devices device CPE-21-BLR-SINGLE-CPE-MPLSONLY-IPC00073 ping
result PING 20.20.73.21 (20.20.73.21) 56(84) bytes of data.
64 bytes from 20.20.73.21: icmp_seq=1 ttl=60 time=5.15 ms

--- 20.20.73.21 ping statistics ---
1 packets transmitted, 1 received, 0% packet loss, time 0ms
rtt min/avg/max/mdev = 5.156/5.156/5.156/0.000 ms

[ok][2020-09-10 08:06:10]
Automated@Versa-Dir-BLR-1> 
2020-09-10 13:43:45,695 - Main - INFO - CMD>> : request devices device CPE-21-BLR-SINGLE-CPE-MPLSONLY-IPC00073 connect
2020-09-10 13:43:48,700 - Main - INFO - request devices device CPE-21-BLR-SINGLE-CPE-MPLSONLY-IPC00073 connect
result true
info (Automated) Connected to CPE-21-BLR-SINGLE-CPE-MPLSONLY-IPC00073 - 20.20.73.21:2022
[ok][2020-09-10 08:06:14]
Automated@Versa-Dir-BLR-1> 
2020-09-10 13:43:48,701 - Main - INFO - CMD>> : request devices device CPE-21-BLR-SINGLE-CPE-MPLSONLY-IPC00073 check-sync
2020-09-10 13:43:51,706 - Main - INFO - request devices device CPE-21-BLR-SINGLE-CPE-MPLSONLY-IPC00073 check-sync
result in-sync
[ok][2020-09-10 08:06:16]
Automated@Versa-Dir-BLR-1> 
2020-09-10 13:43:51,707 - Main - INFO - CPE-21-BLR-SINGLE-CPE-MPLSONLY-IPC00073 is in sync with VD & able to ping & connect
2020-09-10 13:44:14,185 - Main - INFO - 
2020-09-10 13:44:45,780 - Main - INFO - 
2020-09-10 13:45:23,910 - Main - INFO - <><><><><><><><><><><><><><><><><><><><><><><><><><><><><><><><><><><><><><><><><><><><><><><><><><>
2020-09-10 13:45:23,911 - Main - INFO - UPGRADE CPEs via REST 
2020-09-10 13:45:23,911 - Main - INFO - <><><><><><><><><><><><><><><><><><><><><><><><><><><><><><><><><><><><><><><><><><><><><><><><><><>
2020-09-10 13:45:23,911 - Main - INFO - CPE's LIST for Upgrade
2020-09-10 13:45:23,913 - Main - INFO - CPE-21-BLR-SINGLE-CPE-MPLSONLY-IPC00073
2020-09-10 13:45:25,836 - Main - INFO - {
  "output": {
    "result": {
      "task": {
        "task-id": "25093",
        "link": {
          "rel": "GET",
          "href": "vnms/tasks/task/25093"
        }
      }
    }
  }
}
2020-09-10 13:45:25,837 - Main - INFO - TASK LISTS : 
2020-09-10 13:45:25,837 - Main - INFO - ['25093']
2020-09-10 13:45:25,939 - Main - INFO - {u'versa-tasks.task': {u'scheduledTimeStamp': None, u'versa-tasks.percentage-completion': 0, u'moreInfoMessages': None, u'versa-tasks.progressmessages': {u'anies': None, u'versa-tasks.progressmessage': [], u'voaeid': None, u'fdn': None}, u'voaeid': None, u'versa-tasks.user': u'Automated', u'versa-tasks.object-name': u'Device', u'versa-tasks.task-status': u'PENDING', u'versa-tasks.task-description': None, u'versa-tasks.task-name': u'Upgrade', u'versa-tasks.end-time': None, u'fdn': None, u'versa-tasks.id': 25093, u'versa-tasks.start-time': u'2020-09-10 08:07:51.56', u'versa-tasks.appliance-uuid': [], u'versa-tasks.schedule-start-time': None, u'versa-tasks.domain-name': [u'IPC00073'], u'endTimeStamp': None, u'versa-tasks.errormessages': {u'anies': None, u'versa-tasks.errormessage': [], u'voaeid': None, u'fdn': None}}}
2020-09-10 13:45:25,940 - Main - INFO - 0
2020-09-10 13:45:25,940 - Main - INFO - Sleeping for 5 seconds
2020-09-10 13:45:31,047 - Main - INFO - {u'versa-tasks.task': {u'scheduledTimeStamp': None, u'versa-tasks.percentage-completion': 40, u'moreInfoMessages': None, u'versa-tasks.progressmessages': {u'anies': None, u'versa-tasks.progressmessage': [{u'versa-tasks.time': u'2020-09-10 08:07:52.992', u'versa-tasks.message': u'CPE-21-BLR-SINGLE-CPE-MPLSONLY-IPC00073:Fetch package list from appliance...', u'voaeid': None, u'fdn': None}, {u'versa-tasks.time': u'2020-09-10 08:07:53.164', u'versa-tasks.message': u'CPE-21-BLR-SINGLE-CPE-MPLSONLY-IPC00073:package exists on appliance FLEXVNF-20.2.2', u'voaeid': None, u'fdn': None}, {u'versa-tasks.time': u'2020-09-10 08:07:53.191', u'versa-tasks.message': u'CPE-21-BLR-SINGLE-CPE-MPLSONLY-IPC00073:Verify uploaded package...', u'voaeid': None, u'fdn': None}], u'voaeid': None, u'fdn': None}, u'voaeid': None, u'versa-tasks.user': u'Automated', u'versa-tasks.object-name': u'Device', u'versa-tasks.task-status': u'IN_PROGRESS', u'versa-tasks.task-description': u'Upgrade Appliance: CPE-21-BLR-SINGLE-CPE-MPLSONLY-IPC00073', u'versa-tasks.task-name': u'Upgrade', u'versa-tasks.end-time': u'2020-09-10 08:07:51.713', u'fdn': None, u'versa-tasks.id': 25093, u'versa-tasks.start-time': u'2020-09-10 08:07:51.56', u'versa-tasks.appliance-uuid': [u'3e0470ee-bfa0-4edf-aaec-a4a464596cb5'], u'versa-tasks.schedule-start-time': None, u'versa-tasks.domain-name': [u'IPC00073'], u'endTimeStamp': 1599725271713, u'versa-tasks.errormessages': {u'anies': None, u'versa-tasks.errormessage': [], u'voaeid': None, u'fdn': None}}}
2020-09-10 13:45:31,048 - Main - INFO - 40
2020-09-10 13:45:31,048 - Main - INFO - Sleeping for 5 seconds
2020-09-10 13:45:36,172 - Main - INFO - {u'versa-tasks.task': {u'scheduledTimeStamp': None, u'versa-tasks.percentage-completion': 50, u'moreInfoMessages': None, u'versa-tasks.progressmessages': {u'anies': None, u'versa-tasks.progressmessage': [{u'versa-tasks.time': u'2020-09-10 08:07:52.992', u'versa-tasks.message': u'CPE-21-BLR-SINGLE-CPE-MPLSONLY-IPC00073:Fetch package list from appliance...', u'voaeid': None, u'fdn': None}, {u'versa-tasks.time': u'2020-09-10 08:07:53.164', u'versa-tasks.message': u'CPE-21-BLR-SINGLE-CPE-MPLSONLY-IPC00073:package exists on appliance FLEXVNF-20.2.2', u'voaeid': None, u'fdn': None}, {u'versa-tasks.time': u'2020-09-10 08:07:53.191', u'versa-tasks.message': u'CPE-21-BLR-SINGLE-CPE-MPLSONLY-IPC00073:Verify uploaded package...', u'voaeid': None, u'fdn': None}, {u'versa-tasks.time': u'2020-09-10 08:07:57.812', u'versa-tasks.message': u'CPE-21-BLR-SINGLE-CPE-MPLSONLY-IPC00073:Initiate Upgrade on device...', u'voaeid': None, u'fdn': None}], u'voaeid': None, u'fdn': None}, u'voaeid': None, u'versa-tasks.user': u'Automated', u'versa-tasks.object-name': u'Device', u'versa-tasks.task-status': u'IN_PROGRESS', u'versa-tasks.task-description': u'Upgrade Appliance: CPE-21-BLR-SINGLE-CPE-MPLSONLY-IPC00073', u'versa-tasks.task-name': u'Upgrade', u'versa-tasks.end-time': u'2020-09-10 08:07:51.713', u'fdn': None, u'versa-tasks.id': 25093, u'versa-tasks.start-time': u'2020-09-10 08:07:51.56', u'versa-tasks.appliance-uuid': [u'3e0470ee-bfa0-4edf-aaec-a4a464596cb5'], u'versa-tasks.schedule-start-time': None, u'versa-tasks.domain-name': [u'IPC00073'], u'endTimeStamp': 1599725271713, u'versa-tasks.errormessages': {u'anies': None, u'versa-tasks.errormessage': [], u'voaeid': None, u'fdn': None}}}
2020-09-10 13:45:36,172 - Main - INFO - 50
2020-09-10 13:45:36,173 - Main - INFO - Sleeping for 5 seconds
2020-09-10 13:45:41,304 - Main - INFO - {u'versa-tasks.task': {u'scheduledTimeStamp': None, u'versa-tasks.percentage-completion': 50, u'moreInfoMessages': None, u'versa-tasks.progressmessages': {u'anies': None, u'versa-tasks.progressmessage': [{u'versa-tasks.time': u'2020-09-10 08:07:52.992', u'versa-tasks.message': u'CPE-21-BLR-SINGLE-CPE-MPLSONLY-IPC00073:Fetch package list from appliance...', u'voaeid': None, u'fdn': None}, {u'versa-tasks.time': u'2020-09-10 08:07:53.164', u'versa-tasks.message': u'CPE-21-BLR-SINGLE-CPE-MPLSONLY-IPC00073:package exists on appliance FLEXVNF-20.2.2', u'voaeid': None, u'fdn': None}, {u'versa-tasks.time': u'2020-09-10 08:07:53.191', u'versa-tasks.message': u'CPE-21-BLR-SINGLE-CPE-MPLSONLY-IPC00073:Verify uploaded package...', u'voaeid': None, u'fdn': None}, {u'versa-tasks.time': u'2020-09-10 08:07:57.812', u'versa-tasks.message': u'CPE-21-BLR-SINGLE-CPE-MPLSONLY-IPC00073:Initiate Upgrade on device...', u'voaeid': None, u'fdn': None}], u'voaeid': None, u'fdn': None}, u'voaeid': None, u'versa-tasks.user': u'Automated', u'versa-tasks.object-name': u'Device', u'versa-tasks.task-status': u'IN_PROGRESS', u'versa-tasks.task-description': u'Upgrade Appliance: CPE-21-BLR-SINGLE-CPE-MPLSONLY-IPC00073', u'versa-tasks.task-name': u'Upgrade', u'versa-tasks.end-time': u'2020-09-10 08:07:51.713', u'fdn': None, u'versa-tasks.id': 25093, u'versa-tasks.start-time': u'2020-09-10 08:07:51.56', u'versa-tasks.appliance-uuid': [u'3e0470ee-bfa0-4edf-aaec-a4a464596cb5'], u'versa-tasks.schedule-start-time': None, u'versa-tasks.domain-name': [u'IPC00073'], u'endTimeStamp': 1599725271713, u'versa-tasks.errormessages': {u'anies': None, u'versa-tasks.errormessage': [], u'voaeid': None, u'fdn': None}}}
2020-09-10 13:45:41,305 - Main - INFO - 50
2020-09-10 13:45:41,305 - Main - INFO - Sleeping for 5 seconds
2020-09-10 13:45:46,430 - Main - INFO - {u'versa-tasks.task': {u'scheduledTimeStamp': None, u'versa-tasks.percentage-completion': 50, u'moreInfoMessages': None, u'versa-tasks.progressmessages': {u'anies': None, u'versa-tasks.progressmessage': [{u'versa-tasks.time': u'2020-09-10 08:07:52.992', u'versa-tasks.message': u'CPE-21-BLR-SINGLE-CPE-MPLSONLY-IPC00073:Fetch package list from appliance...', u'voaeid': None, u'fdn': None}, {u'versa-tasks.time': u'2020-09-10 08:07:53.164', u'versa-tasks.message': u'CPE-21-BLR-SINGLE-CPE-MPLSONLY-IPC00073:package exists on appliance FLEXVNF-20.2.2', u'voaeid': None, u'fdn': None}, {u'versa-tasks.time': u'2020-09-10 08:07:53.191', u'versa-tasks.message': u'CPE-21-BLR-SINGLE-CPE-MPLSONLY-IPC00073:Verify uploaded package...', u'voaeid': None, u'fdn': None}, {u'versa-tasks.time': u'2020-09-10 08:07:57.812', u'versa-tasks.message': u'CPE-21-BLR-SINGLE-CPE-MPLSONLY-IPC00073:Initiate Upgrade on device...', u'voaeid': None, u'fdn': None}], u'voaeid': None, u'fdn': None}, u'voaeid': None, u'versa-tasks.user': u'Automated', u'versa-tasks.object-name': u'Device', u'versa-tasks.task-status': u'IN_PROGRESS', u'versa-tasks.task-description': u'Upgrade Appliance: CPE-21-BLR-SINGLE-CPE-MPLSONLY-IPC00073', u'versa-tasks.task-name': u'Upgrade', u'versa-tasks.end-time': u'2020-09-10 08:07:51.713', u'fdn': None, u'versa-tasks.id': 25093, u'versa-tasks.start-time': u'2020-09-10 08:07:51.56', u'versa-tasks.appliance-uuid': [u'3e0470ee-bfa0-4edf-aaec-a4a464596cb5'], u'versa-tasks.schedule-start-time': None, u'versa-tasks.domain-name': [u'IPC00073'], u'endTimeStamp': 1599725271713, u'versa-tasks.errormessages': {u'anies': None, u'versa-tasks.errormessage': [], u'voaeid': None, u'fdn': None}}}
2020-09-10 13:45:46,430 - Main - INFO - 50
2020-09-10 13:45:46,431 - Main - INFO - Sleeping for 5 seconds
2020-09-10 13:45:52,555 - Main - INFO - {u'versa-tasks.task': {u'scheduledTimeStamp': None, u'versa-tasks.percentage-completion': 50, u'moreInfoMessages': None, u'versa-tasks.progressmessages': {u'anies': None, u'versa-tasks.progressmessage': [{u'versa-tasks.time': u'2020-09-10 08:07:52.992', u'versa-tasks.message': u'CPE-21-BLR-SINGLE-CPE-MPLSONLY-IPC00073:Fetch package list from appliance...', u'voaeid': None, u'fdn': None}, {u'versa-tasks.time': u'2020-09-10 08:07:53.164', u'versa-tasks.message': u'CPE-21-BLR-SINGLE-CPE-MPLSONLY-IPC00073:package exists on appliance FLEXVNF-20.2.2', u'voaeid': None, u'fdn': None}, {u'versa-tasks.time': u'2020-09-10 08:07:53.191', u'versa-tasks.message': u'CPE-21-BLR-SINGLE-CPE-MPLSONLY-IPC00073:Verify uploaded package...', u'voaeid': None, u'fdn': None}, {u'versa-tasks.time': u'2020-09-10 08:07:57.812', u'versa-tasks.message': u'CPE-21-BLR-SINGLE-CPE-MPLSONLY-IPC00073:Initiate Upgrade on device...', u'voaeid': None, u'fdn': None}], u'voaeid': None, u'fdn': None}, u'voaeid': None, u'versa-tasks.user': u'Automated', u'versa-tasks.object-name': u'Device', u'versa-tasks.task-status': u'IN_PROGRESS', u'versa-tasks.task-description': u'Upgrade Appliance: CPE-21-BLR-SINGLE-CPE-MPLSONLY-IPC00073', u'versa-tasks.task-name': u'Upgrade', u'versa-tasks.end-time': u'2020-09-10 08:07:51.713', u'fdn': None, u'versa-tasks.id': 25093, u'versa-tasks.start-time': u'2020-09-10 08:07:51.56', u'versa-tasks.appliance-uuid': [u'3e0470ee-bfa0-4edf-aaec-a4a464596cb5'], u'versa-tasks.schedule-start-time': None, u'versa-tasks.domain-name': [u'IPC00073'], u'endTimeStamp': 1599725271713, u'versa-tasks.errormessages': {u'anies': None, u'versa-tasks.errormessage': [], u'voaeid': None, u'fdn': None}}}
2020-09-10 13:45:52,556 - Main - INFO - 50
2020-09-10 13:45:52,556 - Main - INFO - Sleeping for 5 seconds
2020-09-10 13:45:57,663 - Main - INFO - {u'versa-tasks.task': {u'scheduledTimeStamp': None, u'versa-tasks.percentage-completion': 100, u'moreInfoMessages': None, u'versa-tasks.progressmessages': {u'anies': None, u'versa-tasks.progressmessage': [{u'versa-tasks.time': u'2020-09-10 08:07:52.992', u'versa-tasks.message': u'CPE-21-BLR-SINGLE-CPE-MPLSONLY-IPC00073:Fetch package list from appliance...', u'voaeid': None, u'fdn': None}, {u'versa-tasks.time': u'2020-09-10 08:07:53.164', u'versa-tasks.message': u'CPE-21-BLR-SINGLE-CPE-MPLSONLY-IPC00073:package exists on appliance FLEXVNF-20.2.2', u'voaeid': None, u'fdn': None}, {u'versa-tasks.time': u'2020-09-10 08:07:53.191', u'versa-tasks.message': u'CPE-21-BLR-SINGLE-CPE-MPLSONLY-IPC00073:Verify uploaded package...', u'voaeid': None, u'fdn': None}, {u'versa-tasks.time': u'2020-09-10 08:07:57.812', u'versa-tasks.message': u'CPE-21-BLR-SINGLE-CPE-MPLSONLY-IPC00073:Initiate Upgrade on device...', u'voaeid': None, u'fdn': None}, {u'versa-tasks.time': u'2020-09-10 08:08:18.349', u'versa-tasks.message': u'CPE-21-BLR-SINGLE-CPE-MPLSONLY-IPC00073: Upgrade of appliance failed', u'voaeid': None, u'fdn': None}], u'voaeid': None, u'fdn': None}, u'voaeid': None, u'versa-tasks.user': u'Automated', u'versa-tasks.object-name': u'Device', u'versa-tasks.task-status': u'FAILED', u'versa-tasks.task-description': u'Upgrade Appliance: CPE-21-BLR-SINGLE-CPE-MPLSONLY-IPC00073', u'versa-tasks.task-name': u'Upgrade', u'versa-tasks.end-time': u'2020-09-10 08:08:18.349', u'fdn': None, u'versa-tasks.id': 25093, u'versa-tasks.start-time': u'2020-09-10 08:07:51.56', u'versa-tasks.appliance-uuid': [u'3e0470ee-bfa0-4edf-aaec-a4a464596cb5'], u'versa-tasks.schedule-start-time': None, u'versa-tasks.domain-name': [u'IPC00073'], u'endTimeStamp': 1599725298349, u'versa-tasks.errormessages': {u'anies': None, u'versa-tasks.errormessage': [{u'versa-tasks.error-message': u'Error while upgrading device: Database operation failed due to internal error: com.tailf.maapi.MaapiException: RPC error towards CPE-21-BLR-SINGLE-CPE-MPLSONLY-IPC00073: operation_failed: for /nc:rpc/act:action/act:data/system:system/system:package/system:upgrade: New package (built for Sandybridge CPU) cannot be installed. Please use the appropriate package', u'anies': None, u'versa-tasks.error-code': u'5000', u'voaeid': None, u'fdn': None}], u'voaeid': None, u'fdn': None}}}
2020-09-10 13:45:57,663 - Main - INFO - 100
2020-09-10 13:45:57,664 - Main - INFO - Sleeping for 5 seconds
2020-09-10 13:46:02,669 - Main - INFO - ['25093']
2020-09-10 13:46:02,670 - Main - INFO - fetch the result
2020-09-10 13:46:02,776 - Main - INFO - {"versa-tasks.task":{"fdn":null,"voaeid":null,"moreInfoMessages":null,"endTimeStamp":1599725298349,"scheduledTimeStamp":null,"versa-tasks.id":25093,"versa-tasks.task-name":"Upgrade","versa-tasks.object-name":"Device","versa-tasks.domain-name":["IPC00073"],"versa-tasks.appliance-uuid":["3e0470ee-bfa0-4edf-aaec-a4a464596cb5"],"versa-tasks.user":"Automated","versa-tasks.task-description":"Upgrade Appliance: CPE-21-BLR-SINGLE-CPE-MPLSONLY-IPC00073","versa-tasks.task-status":"FAILED","versa-tasks.percentage-completion":100,"versa-tasks.progressmessages":{"fdn":null,"voaeid":null,"anies":null,"versa-tasks.progressmessage":[{"fdn":null,"voaeid":null,"versa-tasks.message":"CPE-21-BLR-SINGLE-CPE-MPLSONLY-IPC00073:Fetch package list from appliance...","versa-tasks.time":"2020-09-10 08:07:52.992"},{"fdn":null,"voaeid":null,"versa-tasks.message":"CPE-21-BLR-SINGLE-CPE-MPLSONLY-IPC00073:package exists on appliance FLEXVNF-20.2.2","versa-tasks.time":"2020-09-10 08:07:53.164"},{"fdn":null,"voaeid":null,"versa-tasks.message":"CPE-21-BLR-SINGLE-CPE-MPLSONLY-IPC00073:Verify uploaded package...","versa-tasks.time":"2020-09-10 08:07:53.191"},{"fdn":null,"voaeid":null,"versa-tasks.message":"CPE-21-BLR-SINGLE-CPE-MPLSONLY-IPC00073:Initiate Upgrade on device...","versa-tasks.time":"2020-09-10 08:07:57.812"},{"fdn":null,"voaeid":null,"versa-tasks.message":"CPE-21-BLR-SINGLE-CPE-MPLSONLY-IPC00073: Upgrade of appliance failed","versa-tasks.time":"2020-09-10 08:08:18.349"}]},"versa-tasks.errormessages":{"fdn":null,"voaeid":null,"anies":null,"versa-tasks.errormessage":[{"fdn":null,"voaeid":null,"anies":null,"versa-tasks.error-code":"5000","versa-tasks.error-message":"Error while upgrading device: Database operation failed due to internal error: com.tailf.maapi.MaapiException: RPC error towards CPE-21-BLR-SINGLE-CPE-MPLSONLY-IPC00073: operation_failed: for /nc:rpc/act:action/act:data/system:system/system:package/system:upgrade: New package (built for Sandybridge CPU) cannot be installed. Please use the appropriate package"}]},"versa-tasks.start-time":"2020-09-10 08:07:51.56","versa-tasks.end-time":"2020-09-10 08:08:18.349","versa-tasks.schedule-start-time":null}}
2020-09-10 13:46:02,785 - Main - INFO - CPE-21-BLR-SINGLE-CPE-MPLSONLY-IPC00073  Upgrade Task result : FAILED : Error while upgrading device: Database operation failed due to internal error: com.tailf.maapi.MaapiException: RPC error towards CPE-21-BLR-SINGLE-CPE-MPLSONLY-IPC00073: operation_failed: for /nc:rpc/act:action/act:data/system:system/system:package/system:upgrade: New package (built for Sandybridge CPU) cannot be installed. Please use the appropriate package
2020-09-10 13:46:25,343 - Main - INFO - 
2020-09-10 13:46:31,356 - Main - INFO - ====================================================================================================
2020-09-10 13:46:31,356 - Main - INFO - cpe:CPE-21-BLR-SINGLE-CPE-MPLSONLY-IPC00073
2020-09-10 13:46:31,356 - Main - INFO - upgrade:FAILED : Error while upgrading device: Database operation failed due to internal error: com.tailf.maapi.MaapiException: RPC error towards CPE-21-BLR-SINGLE-CPE-MPLSONLY-IPC00073: operation_failed: for /nc:rpc/act:action/act:data/system:system/system:package/system:upgrade: New package (built for Sandybridge CPU) cannot be installed. Please use the appropriate package
2020-09-10 13:46:31,356 - Main - INFO - ====================================================================================================
2020-09-10 13:46:31,357 - Main - INFO - Time elapsed: 0:04:40.921409

2020-09-10 13:46:31,357 - Main - INFO - Result Stored in /home/blr/TOOLS/PRODUCTION_UPGRADE_TOOL/LOGS/10.91.116.35_2020_09_10_13_41_50//RESULT.csv
2020-09-10 13:46:31,357 - Main - INFO - LOG FILES Path: /home/blr/TOOLS/PRODUCTION_UPGRADE_TOOL/LOGS/10.91.116.35_2020_09_10_13_41_50/
