2020-09-18 13:18:37,251 - Main - INFO - SCRIPT Started
2020-09-18 13:18:37,251 - Main - INFO - Result  File : /home/blr/TOOLS/SECURITY_UPLOAD_UPGRADE/LOGS/10.91.116.35_2020_09_18_13_18_37//RESULT.csv
2020-09-18 13:18:37,251 - Main - INFO - LOG FILES Path: /home/blr/TOOLS/SECURITY_UPLOAD_UPGRADE/LOGS/10.91.116.35_2020_09_18_13_18_37/
2020-09-18 13:18:59,133 - Main - INFO - total batches : 1
2020-09-18 13:18:59,133 - Main - INFO - batch List : [1]
2020-09-18 13:18:59,142 - Main - INFO - DAY :1
2020-09-18 13:18:59,143 - Main - INFO - Batch : 1
2020-09-18 13:18:59,143 - Main - INFO - CPEs LIST:
2020-09-18 13:18:59,144 - Main - INFO - CPE-15-LON-DUAL-CPE-HYBRID-IPC00073-S
2020-09-18 13:19:02,164 - Main - DEBUG - 32707
2020-09-18 13:19:02,177 - Main - DEBUG - 859902a2f3221d835cdfffb0e63d2a4d
2020-09-18 13:19:02,178 - Main - DEBUG - Source File Checksum : 859902a2f3221d835cdfffb0e63d2a4d
2020-09-18 13:19:02,182 - Main - INFO - starting thread :Thread-1 For device CPE-15-LON-DUAL-CPE-HYBRID-IPC00073-S

2020-09-18 13:19:07,985 - Main - DEBUG - 
2020-09-18 13:19:10,189 - Main - DEBUG - versa: Automated@CPE-15-LON-DUAL-CPE-HYBRID-IPC00073-S-cli>
2020-09-18 13:19:10,390 - Main - DEBUG - <netmiko.versa.versa_ssh.VersaSSH object at 0x7f67a61e8210> connection opened
2020-09-18 13:19:21,886 - Main - DEBUG - <netmiko.versa.versa_ssh.VersaSSH object at 0x7f67a61e8210> connection closed
2020-09-18 13:19:21,886 - Main - DEBUG - Error: unable to start 
2020-09-18 13:19:21,887 - Main - INFO - <<<<<patch execution RESULT>>>
2020-09-18 13:19:21,887 - Main - INFO - 'cpe', 'filename', 'patch_upgrade_status'
2020-09-18 13:19:21,887 - Main - INFO - ['CPE-15-LON-DUAL-CPE-HYBRID-IPC00073-S', 'fdc_r2s9_patch3.bin', 'fdc_r2s9_patch3.bin  Patch Execution success']
2020-09-18 13:19:21,888 - Main - INFO - Time elapsed: 0:00:44.636750

2020-09-18 13:19:21,888 - Main - INFO - Result Stored in /home/blr/TOOLS/SECURITY_UPLOAD_UPGRADE/LOGS/10.91.116.35_2020_09_18_13_18_37//RESULT.csv
2020-09-18 13:19:21,888 - Main - INFO - LOG FILES Path: /home/blr/TOOLS/SECURITY_UPLOAD_UPGRADE/LOGS/10.91.116.35_2020_09_18_13_18_37/
