2020-10-15 10:19:57,758 - BRU000146 - DEBUG - CMD>> : show interfaces brief | tab | nomore | except vni-0/20
2020-10-15 10:20:00,764 - BRU000146 - DEBUG - show interfaces brief | tab | nomore | except vni-0/20
NAME         MAC                OPER  ADMIN  TENANT  VRF                     IP                
-----------------------------------------------------------------------------------------------
eth-0/0      c4:00:ad:aa:d5:c4  down  up     0       global                  192.168.1.2/24    
ptvi178      n/a                up    up     1       IPC02945-Control-VR     10.89.64.1/32     
ptvi179      n/a                up    up     1       IPC02945-Control-VR     10.89.64.2/32     
tvi-0/178    n/a                up    up     -       -                                         
tvi-0/178.0  n/a                up    up     1       IPC02945-Control-VR     172.24.15.99/32   
tvi-0/179    n/a                up    up     -       -                                         
tvi-0/179.0  n/a                up    up     1       IPC02945-Control-VR     100.110.9.135/32  
vni-0/0      c4:00:ad:aa:d5:c5  down  down   -       -                                         
vni-0/1      c4:00:ad:aa:d5:c6  up    up     -       -                                         
vni-0/1.0    c4:00:ad:aa:d5:c6  up    up     1       MPLS-WAN2-Transport-VR  172.24.54.78/30   
vni-0/100    02:aa:bb:cc:dd:01  down  down   -       -                                         
vni-0/101    02:aa:bb:cc:dd:02  down  down   -       -                                         
vni-0/102    02:aa:bb:cc:dd:03  down  down   -       -                                         
vni-0/103    02:aa:bb:cc:dd:04  down  down   -       -                                         
vni-0/2      c4:00:ad:aa:d5:c7  down  down   -       -                                         
vni-0/3      c4:00:ad:aa:d5:c8  up    up     -       -                                         
vni-0/3.1    c4:00:ad:aa:d5:c8  up    up     1       MPLS-WAN1-Transport-VR  172.16.255.2/30   
vni-0/3.2    c4:00:ad:aa:d5:c8  up    up     1       MPLS-WAN2-Transport-VR  172.16.255.2/30   
vni-0/4      c4:00:ad:aa:d5:c9  up    up     -       -                                         
vni-0/4.0    c4:00:ad:aa:d5:c9  up    up     1       LAN1-VRF                172.26.1.67/28    
vni-0/5      c4:00:ad:aa:d5:c2  down  down   -       -                                         
vni-0/6      c4:00:ad:aa:d5:c3  down  down   -       -                                         

[ok][2020-10-15 09:19:09]
smurugesan2@BRU000146-cli> 
2020-10-15 10:20:01,767 - BRU000146 - DEBUG - CMD>> : show bgp neighbor org IPC02945 brief | nomore
2020-10-15 10:20:04,771 - BRU000146 - DEBUG - show bgp neighbor org IPC02945 brief | nomore
routing-instance: IPC02945-Control-VR

Neighbor        Uptime       State       PfxRcd      PfxSent   local-port  remote-port
10.89.64.1      00:03:07   Established     163           5      35123        179
10.89.64.2      00:03:07   Established     163           5      43839        179
[ok][2020-10-15 09:19:13]
smurugesan2@BRU000146-cli> 
2020-10-15 10:20:05,773 - BRU000146 - DEBUG - CMD>> : show configuration | display set | nomore
2020-10-15 10:20:10,792 - BRU000146 - DEBUG - show configuration | display set | nomore
set alias ^details expansion "show system details"
set alias ^pkg expansion "show system package-info"
set alias ^top expansion "show processes cpu"
set alias ^uptime expansion "show system uptime"
set confdConfig notifications
set confdConfig notifications eventStreams stream oam description "Versa notifications"
set confdConfig notifications eventStreams stream oam replaySupport false
set confdConfig hideGroup debug password $1$F8/rcfNO$b5AULD3NDiutp/.8bMifu.
set confdConfig hideGroup full
set confdConfig hideGroup hidemib-group
set confdConfig logs
set confdConfig logs syslogConfig
set confdConfig logs syslogConfig facility daemon
set confdConfig logs syslogConfig udp
set confdConfig logs syslogConfig udp disabled
set confdConfig logs syslogConfig udp host syslogsrv.example.com
set confdConfig logs syslogConfig udp port 514
set confdConfig logs confdLog
set confdConfig logs confdLog enabled
set confdConfig logs confdLog file
set confdConfig logs confdLog file enabled
set confdConfig logs confdLog file name /var/log/versa/confd/confd.log
set confdConfig logs developerLog
set confdConfig logs developerLog enabled
set confdConfig logs developerLog file
set confdConfig logs developerLog file enabled
set confdConfig logs developerLog file name /var/log/versa/confd/devel.log
set confdConfig logs auditLog
set confdConfig logs auditLog enabled
set confdConfig logs auditLog file
set confdConfig logs auditLog file enabled
set confdConfig logs auditLog file name /var/log/versa/confd/audit.log
set confdConfig logs netconfLog
set confdConfig logs netconfLog enabled
set confdConfig logs netconfLog file
set confdConfig logs netconfLog file enabled
set confdConfig logs netconfLog file name /var/log/versa/confd/netconf.log
set confdConfig logs snmpLog
set confdConfig logs snmpLog enabled
set confdConfig logs snmpLog file
set confdConfig logs snmpLog file enabled
set confdConfig logs snmpLog file name /var/log/versa/confd/snmp.log
set confdConfig logs webuiAccessLog
set confdConfig logs webuiAccessLog enabled
set confdConfig logs webuiAccessLog dir /var/log/versa/confd
set confdConfig logs netconfTraceLog
set confdConfig logs netconfTraceLog disabled
set confdConfig logs netconfTraceLog filename /var/log/versa/confd/netconf.trace.log
set confdConfig logs errorLog
set confdConfig logs errorLog enabled
set confdConfig logs errorLog filename /var/log/versa/confd/confderr.log
set confdConfig logs errorLog maxSize S10M
set confdConfig ssh
set confdConfig ssh algorithms
set confdConfig ssh algorithms kex diffie-hellman-group14-sha1,diffie-hellman-group-exchange-sha256,diffie-hellman-group-exchange-sha1
set confdConfig ssh algorithms mac hmac-sha2-256,hmac-sha2-512
set confdConfig ssh algorithms encryption aes128-ctr,aes192-ctr,aes256-ctr
set confdConfig ssh clientAliveInterval 30s
set confdConfig ssh clientAliveCountMax 3
set confdConfig cli
set confdConfig cli banner "Access to this network/system is limited to users authorised by Colt for its legitimate business purposes. Unauthorised access, use, installation of files or modification of any data is prohibited. Use of this system/network will be audited"
set confdConfig cli bannerFile /opt/versa/etc/cbanner
set confdConfig cli prompt1 "\u@\h-cli\M> "
set confdConfig cli prompt2 "\u@\h-cli\M% "
set confdConfig cli cStylePromptInJStyle true
set confdConfig cli autoWizard
set confdConfig cli autoWizard disabled
set confdConfig cli historyRemoveDuplicates true
set confdConfig webui
set confdConfig webui disabled
set confdConfig webui docroot /opt/versa/confd/src/confd/webui_ng/docroot
set confdConfig webui transport
set confdConfig webui transport tcp
set confdConfig webui transport tcp disabled
set confdConfig webui transport ssl
set confdConfig webui transport ssl enabled
set confdConfig webui transport ssl ip 0.0.0.0
set confdConfig webui transport ssl port 8443
set confdConfig webui transport ssl extraIpPorts [ :::8443 ]
set confdConfig webui transport ssl keyFile /opt/versa/var/cert/vshost.key
set confdConfig webui transport ssl certFile /opt/versa/var/cert/vshost.crt
set confdConfig webui transport ssl caCertFile /opt/versa/var/cert/ca.crt
set confdConfig webui transport ssl verify 2
set confdConfig webui transport ssl ciphers DHE-RSA-AES128-SHA:DHE-RSA-AES256-SHA:DHE-RSA-AES128-SHA256:DHE-RSA-AES256-SHA256
set confdConfig webui transport ssl protocols "tlsv1.1 tlsv1.2"
set confdConfig webui cgi
set confdConfig webui cgi disabled
set confdConfig rest
set confdConfig rest enabled
set confdConfig netconf
set confdConfig netconf enabled
set confdConfig netconf transport
set confdConfig netconf transport ssh
set confdConfig netconf transport ssh enabled
set confdConfig netconf transport ssh ip 0.0.0.0
set confdConfig netconf transport ssh port 2022
set confdConfig netconf transport ssh extraIpPorts [ :::2022 ]
set confdConfig netconf idleTimeout 30s
set confdConfig netconf writeTimeout 60s
set snmp agent enabled
set snmp agent ip 127.0.0.1
set snmp agent udp-port 161
set snmp agent extra-listen ::1 161
set snmp agent version v3
set snmp agent engine-id
set snmp agent engine-id enterprise-number 42359
set snmp agent engine-id from-ip 100.110.9.135
set snmp agent max-message-size 50000
set snmp system contact ""
set snmp system name BRU000146
set snmp system location "Industrielaan / 3B,Erembodegem, BELGIUM 9320"
set snmp target v3_10.5.2.83 ip 10.5.2.83
set snmp target v3_10.5.2.83 udp-port 162
set snmp target v3_10.5.2.83 tag [ std_v3_inform std_v3_trap ]
set snmp target v3_10.5.2.83 timeout 1500
set snmp target v3_10.5.2.83 retries 3
set snmp target v3_10.5.2.83 usm user-name coltuser
set snmp target v3_10.5.2.83 usm sec-level auth-priv
set snmp notify std_v1_trap tag std_v1_trap
set snmp notify std_v1_trap type trap
set snmp notify std_v2_inform tag std_v2_inform
set snmp notify std_v2_inform type inform
set snmp notify std_v2_trap tag std_v2_trap
set snmp notify std_v2_trap type trap
set snmp notify std_v3_inform tag std_v3_inform
set snmp notify std_v3_inform type inform
set snmp notify std_v3_trap tag std_v3_trap
set snmp notify std_v3_trap type trap
set snmp target-source 100.110.9.135
set snmp vacm group access-v3-vuser-internet member coltuser sec-model [ usm ]
set snmp vacm group access-v3-vuser-internet access any auth-priv read-view internet
set snmp vacm group access-v3-vuser-internet access any auth-priv notify-view internet
set snmp vacm view internet subtree 1.2 included
set snmp vacm view internet subtree 1.3 included
set snmp vacm view internet subtree 1.3.6.1 included
set snmp usm local user coltuser auth
set snmp usm local user coltuser auth sha
set snmp usm local user coltuser auth sha password Colt1234
set snmp usm local user coltuser priv
set snmp usm local user coltuser priv aes
set snmp usm local user coltuser priv aes password Colt1234
set interfaces vni-0/1 description "Customer[EUROPEAN MONEY]SID[IPC02945]Site[2007H0749]L3BEnd[BRU000146]Cct[BRU/BRU/IA-247410]Type[MPLSSDWAN]"
set interfaces vni-0/1 enable true
set interfaces vni-0/1 bandwidth uplink 300000
set interfaces vni-0/1 bandwidth downlink 300000
set interfaces vni-0/1 unit 0 vlan-id 0
set interfaces vni-0/1 unit 0 enable true
set interfaces vni-0/1 unit 0 family
set interfaces vni-0/1 unit 0 family inet
set interfaces vni-0/1 unit 0 family inet address 172.24.54.78/30
set interfaces vni-0/3 description INTERCONNECT-LINK
set interfaces vni-0/3 enable true
set interfaces vni-0/3 unit 1 vlan-id 297
set interfaces vni-0/3 unit 1 enable true
set interfaces vni-0/3 unit 1 family
set interfaces vni-0/3 unit 1 family inet
set interfaces vni-0/3 unit 1 family inet address 172.16.255.2/30
set interfaces vni-0/3 unit 2 vlan-id 298
set interfaces vni-0/3 unit 2 enable true
set interfaces vni-0/3 unit 2 family
set interfaces vni-0/3 unit 2 family inet
set interfaces vni-0/3 unit 2 family inet address 172.16.255.2/30
set interfaces vni-0/4 enable true
set interfaces vni-0/4 unit 0 vlan-id 0
set interfaces vni-0/4 unit 0 enable true
set interfaces vni-0/4 unit 0 family
set interfaces vni-0/4 unit 0 family inet
set interfaces vni-0/4 unit 0 family inet address 172.26.1.67/28 vrrp-group 1 fast-interval 1000
set interfaces vni-0/4 unit 0 family inet address 172.26.1.67/28 vrrp-group 1 virtual-address [ 172.26.1.65 ]
set interfaces vni-0/4 unit 0 family inet address 172.26.1.67/28 vrrp-group 1 priority 100
set interfaces vni-0/4 unit 0 family inet address 172.26.1.67/28 vrrp-group 1 preempt-mode preempt
set interfaces vni-0/4 unit 0 family inet address 172.26.1.67/28 vrrp-group 1 warmup-interval 1
set interfaces vni-0/4 unit 0 family inet address 172.26.1.67/28 vrrp-group 1 advertisements-threshold 3
set interfaces vni-0/4 unit 0 family inet address 172.26.1.67/28 vrrp-group 1 track route 10.63.4.0/27 routing-instance IPC02945-Control-VR
set interfaces vni-0/4 unit 0 family inet address 172.26.1.67/28 vrrp-group 1 track route 10.63.4.0/27 priority-cost 10
set interfaces tvi-0/178 description "VXLAN Tunnel Interface for IPC02945 Control VR"
set interfaces tvi-0/178 enable true
set interfaces tvi-0/178 mode ipsec
set interfaces tvi-0/178 type p2mp-vxlan
set interfaces tvi-0/178 unit 0 enable true
set interfaces tvi-0/178 unit 0 family
set interfaces tvi-0/178 unit 0 family inet
set interfaces tvi-0/178 unit 0 family inet address 172.24.15.99/32
set interfaces tvi-0/179 description "ESP Tunnel Interface for IPC02945 Control VR"
set interfaces tvi-0/179 enable true
set interfaces tvi-0/179 mode ipsec
set interfaces tvi-0/179 type p2mp-esp
set interfaces tvi-0/179 unit 0 enable true
set interfaces tvi-0/179 unit 0 family
set interfaces tvi-0/179 unit 0 family inet
set interfaces tvi-0/179 unit 0 family inet address 100.110.9.135/32
set interfaces ptvi178 parent-interface tvi-0/179.0
set interfaces ptvi178 remote-address 10.89.64.1
set interfaces ptvi179 parent-interface tvi-0/179.0
set interfaces ptvi179 remote-address 10.89.64.2
set networks LAN1 interfaces [ vni-0/4.0 ]
set networks MPLS-WAN1 interfaces [ vni-0/3.1 ]
set networks MPLS-WAN2 interfaces [ vni-0/1.0 ]
set networks MPLS-WAN2-Failover interfaces [ vni-0/3.2 ]
set ntp server 10.5.2.14 source-interface tvi-0/179.0
set ntp server 10.5.2.14 enable true
set dhcp-profiles dhcp-limits description "DHCP profile"
set dhcp-profiles dhcp-limits dhcp-options max-servers 100
set dhcp-profiles dhcp-limits dhcp-options max-relays 100
set dhcp-profiles dhcp-limits dhcp-options max-clients 8192
set orgs org IPC02945 appliance-owner
set orgs org IPC02945 services [ cgnat sdwan ]
set orgs org IPC02945 available-routing-instances [ IPC02945-Control-VR LAN1-VRF MPLS-WAN1-Transport-VR MPLS-WAN2-Transport-VR ]
set orgs org IPC02945 owned-routing-instances [ IPC02945-Control-VR LAN1-VRF MPLS-WAN1-Transport-VR MPLS-WAN2-Transport-VR ]
set orgs org IPC02945 available-networks [ LAN1 MPLS-WAN1 MPLS-WAN2 ]
set orgs org IPC02945 dhcp-profile dhcp-limits
set orgs org IPC02945 traffic-identification using [ ptvi178 ptvi179 tvi-0/178.0 tvi-0/179.0 ]
set orgs org IPC02945 traffic-identification using-networks [ LAN1 MPLS-WAN1 MPLS-WAN2 MPLS-WAN2-Failover ]
set orgs org IPC02945 sd-wan site
set orgs org IPC02945 sd-wan site global-tenant-id 89
set orgs org IPC02945 sd-wan site site-name BRU000146
set orgs org IPC02945 sd-wan site management-routing-instance IPC02945-Control-VR
set orgs org IPC02945 sd-wan site wan-interfaces vni-0/1.0 sla-monitoring fc_nc interval 10
set orgs org IPC02945 sd-wan site wan-interfaces vni-0/1.0 sla-monitoring fc_nc send-to controller
set orgs org IPC02945 sd-wan site wan-interfaces vni-0/1.0 sla-monitoring fc_ef interval 2
set orgs org IPC02945 sd-wan site wan-interfaces vni-0/1.0 sla-monitoring fc_ef send-to branches
set orgs org IPC02945 sd-wan site wan-interfaces vni-0/1.0 sla-monitoring fc_ef adaptive-monitoring
set orgs org IPC02945 sd-wan site wan-interfaces vni-0/3.1 sla-monitoring fc_nc interval 10
set orgs org IPC02945 sd-wan site wan-interfaces vni-0/3.1 sla-monitoring fc_nc send-to controller
set orgs org IPC02945 sd-wan site wan-interfaces vni-0/3.1 sla-monitoring fc_ef interval 2
set orgs org IPC02945 sd-wan site wan-interfaces vni-0/3.1 sla-monitoring fc_ef send-to branches
set orgs org IPC02945 sd-wan site wan-interfaces vni-0/3.1 sla-monitoring fc_ef adaptive-monitoring
set orgs org IPC02945 sd-wan controllers NV-WC1-BRU management-addresses IKE ip-address 10.89.0.1
set orgs org IPC02945 sd-wan controllers NV-WC1-BRU management-addresses IKE routing-instance IPC02945-Control-VR
set orgs org IPC02945 sd-wan controllers NV-WC1-BRU management-addresses secure ip-address 10.89.64.1
set orgs org IPC02945 sd-wan controllers NV-WC1-BRU management-addresses secure routing-instance IPC02945-Control-VR
set orgs org IPC02945 sd-wan controllers NV-WC2-BRU management-addresses IKE ip-address 10.89.0.2
set orgs org IPC02945 sd-wan controllers NV-WC2-BRU management-addresses IKE routing-instance IPC02945-Control-VR
set orgs org IPC02945 sd-wan controllers NV-WC2-BRU management-addresses secure ip-address 10.89.64.2
set orgs org IPC02945 sd-wan controllers NV-WC2-BRU management-addresses secure routing-instance IPC02945-Control-VR
set orgs org IPC02945 available-service-node-groups [ default-sng ]
set orgs org-services IPC02945 cgnat pools Failover-Pool-MPLS-WAN2 routing-instance MPLS-WAN2-Transport-VR
set orgs org-services IPC02945 cgnat pools Failover-Pool-MPLS-WAN2 egress-network [ MPLS-WAN2 ]
set orgs org-services IPC02945 cgnat pools Failover-Pool-MPLS-WAN2 address-allocation round-robin
set orgs org-services IPC02945 cgnat pools Failover-Pool-MPLS-WAN2 source-port
set orgs org-services IPC02945 cgnat pools Failover-Pool-MPLS-WAN2 source-port allocation-scheme range-based
set orgs org-services IPC02945 cgnat pools Failover-Pool-MPLS-WAN2 source-port random-allocation
set orgs org-services IPC02945 cgnat pools Failover-Pool-MPLS-WAN2 source-port range
set orgs org-services IPC02945 cgnat pools Failover-Pool-MPLS-WAN2 source-port range low 1024
set orgs org-services IPC02945 cgnat pools Failover-Pool-MPLS-WAN2 source-port range high 32000
set orgs org-services IPC02945 cgnat rules From_Redundant_To_MPLS-WAN2_Traffic precedence 101
set orgs org-services IPC02945 cgnat rules From_Redundant_To_MPLS-WAN2_Traffic paired-site true
set orgs org-services IPC02945 cgnat rules From_Redundant_To_MPLS-WAN2_Traffic from
set orgs org-services IPC02945 cgnat rules From_Redundant_To_MPLS-WAN2_Traffic from source-zone [ Intf-MPLS-WAN2-Failover-Zone ]
set orgs org-services IPC02945 cgnat rules From_Redundant_To_MPLS-WAN2_Traffic from destination-zone [ Intf-MPLS-WAN2-Zone ]
set orgs org-services IPC02945 cgnat rules From_Redundant_To_MPLS-WAN2_Traffic from routing-instance MPLS-WAN2-Transport-VR
set orgs org-services IPC02945 cgnat rules From_Redundant_To_MPLS-WAN2_Traffic from source-address [ 172.16.255.1/32 ]
set orgs org-services IPC02945 cgnat rules From_Redundant_To_MPLS-WAN2_Traffic then translated
set orgs org-services IPC02945 cgnat rules From_Redundant_To_MPLS-WAN2_Traffic then translated translation-type napt-44
set orgs org-services IPC02945 cgnat rules From_Redundant_To_MPLS-WAN2_Traffic then translated source-pool Failover-Pool-MPLS-WAN2
set orgs org-services IPC02945 cgnat rules From_Redundant_To_MPLS-WAN2_Traffic then translated filtering-type endpoint-independent
set orgs org-services IPC02945 cgnat rules From_Redundant_To_MPLS-WAN2_Traffic then translated mapping-type endpoint-independent
set orgs org-services IPC02945 class-of-service qos-policies Default-Policy rules IPSEC_IN match source zone zone-list [ Intf-MPLS-WAN2-Zone ]
set orgs org-services IPC02945 class-of-service qos-policies Default-Policy rules IPSEC_IN match services predefined-services-list [ ESP ICMP ]
set orgs org-services IPC02945 class-of-service qos-policies Default-Policy rules IPSEC_IN match services services-list [ IPSEC IPSecAH ]
set orgs org-services IPC02945 class-of-service qos-policies Default-Policy rules IPSEC_IN set action allow
set orgs org-services IPC02945 class-of-service qos-policies Default-Policy rules IPSEC_OUT match destination zone zone-list [ Intf-MPLS-WAN2-Zone ]
set orgs org-services IPC02945 class-of-service qos-policies Default-Policy rules IPSEC_OUT match services predefined-services-list [ ESP ICMP ]
set orgs org-services IPC02945 class-of-service qos-policies Default-Policy rules IPSEC_OUT match services services-list [ IPSEC IPSIPSecAH ]
set orgs org-services IPC02945 class-of-service qos-policies Default-Policy rules IPSEC_OUT set action allow
set orgs org-services IPC02945 class-of-service qos-policies Default-Policy rules ARP_IN match source zone zone-list [ Intf-MPLS-WAN2-Zone ]
set orgs org-services IPC02945 class-of-service qos-policies Default-Policy rules ARP_IN match ether-type ARP
set orgs org-services IPC02945 class-of-service qos-policies Default-Policy rules ARP_IN set action allow
set orgs org-services IPC02945 class-of-service qos-policies Default-Policy rules ARP_OUT match destination zone zone-list [ Intf-MPLS-WAN2-Zone ]
set orgs org-services IPC02945 class-of-service qos-policies Default-Policy rules ARP_OUT match ether-type ARP
set orgs org-services IPC02945 class-of-service qos-policies Default-Policy rules ARP_OUT set action allow
set orgs org-services IPC02945 class-of-service qos-policies Default-Policy rules BW-TEST_IN match source zone zone-list [ Intf-MPLS-WAN2-Zone ]
set orgs org-services IPC02945 class-of-service qos-policies Default-Policy rules BW-TEST_IN match services services-list [ IPERF SPEED-TEST ]
set orgs org-services IPC02945 class-of-service qos-policies Default-Policy rules BW-TEST_IN set action allow
set orgs org-services IPC02945 class-of-service qos-policies Default-Policy rules SDWAN-FO-PR match source zone zone-list [ Intf-MPLS-WAN2-Failover-Zone ]
set orgs org-services IPC02945 class-of-service qos-policies Default-Policy rules SDWAN-FO-PR match dscp [ 46 ]
set orgs org-services IPC02945 class-of-service qos-policies Default-Policy rules SDWAN-FO-PR set action allow
set orgs org-services IPC02945 class-of-service qos-policies Default-Policy rules SDWAN-FO-PR set qos-profile Premium
set orgs org-services IPC02945 class-of-service qos-policies Default-Policy rules SDWAN-FO-B1 match source zone zone-list [ Intf-MPLS-WAN2-Failover-Zone ]
set orgs org-services IPC02945 class-of-service qos-policies Default-Policy rules SDWAN-FO-B1 match dscp [ 26 ]
set orgs org-services IPC02945 class-of-service qos-policies Default-Policy rules SDWAN-FO-B1 set action allow
set orgs org-services IPC02945 class-of-service qos-policies Default-Policy rules SDWAN-FO-B1 set qos-profile Business1
set orgs org-services IPC02945 class-of-service qos-policies Default-Policy rules SDWAN-FO-B2 match source zone zone-list [ Intf-MPLS-WAN2-Failover-Zone ]
set orgs org-services IPC02945 class-of-service qos-policies Default-Policy rules SDWAN-FO-B2 match dscp [ 18 ]
set orgs org-services IPC02945 class-of-service qos-policies Default-Policy rules SDWAN-FO-B2 set action allow
set orgs org-services IPC02945 class-of-service qos-policies Default-Policy rules SDWAN-FO-B2 set qos-profile Business2
set orgs org-services IPC02945 class-of-service qos-policies Default-Policy rules SDWAN-FO-B3 match source zone zone-list [ Intf-MPLS-WAN2-Failover-Zone ]
set orgs org-services IPC02945 class-of-service qos-policies Default-Policy rules SDWAN-FO-B3 match dscp [ 10 ]
set orgs org-services IPC02945 class-of-service qos-policies Default-Policy rules SDWAN-FO-B3 set action allow
set orgs org-services IPC02945 class-of-service qos-policies Default-Policy rules SDWAN-FO-B3 set qos-profile Business3
set orgs org-services IPC02945 class-of-service qos-policies Default-Policy rules SDWAN-FO-BE match source zone zone-list [ Intf-MPLS-WAN2-Failover-Zone ]
set orgs org-services IPC02945 class-of-service qos-policies Default-Policy rules SDWAN-FO-BE set action allow
set orgs org-services IPC02945 class-of-service qos-policies Default-Policy rules SDWAN-FO-BE set qos-profile Internet-Default
set orgs org-services IPC02945 class-of-service qos-policies Default-Policy rules FO_OUT match destination zone zone-list [ Intf-MPLS-WAN1-Zone Intf-MPLS-WAN2-Failover-Zone ]
set orgs org-services IPC02945 class-of-service qos-policies Default-Policy rules FO_OUT set action allow
set orgs org-services IPC02945 class-of-service qos-policies Default-Policy rules FO_IN match source zone zone-list [ Intf-MPLS-WAN1-Zone Intf-MPLS-WAN2-Failover-Zone ]
set orgs org-services IPC02945 class-of-service qos-policies Default-Policy rules FO_IN set action allow
set orgs org-services IPC02945 class-of-service qos-policies Default-Policy rules WAN_IN match source zone zone-list [ Intf-MPLS-WAN2-Zone ]
set orgs org-services IPC02945 class-of-service qos-policies Default-Policy rules WAN_IN set action deny
set orgs org-services IPC02945 class-of-service qos-policies Default-Policy rules WAN_OUT match destination zone zone-list [ Intf-MPLS-WAN2-Zone ]
set orgs org-services IPC02945 class-of-service qos-policies Default-Policy rules WAN_OUT set action deny
set orgs org-services IPC02945 class-of-service app-qos-policies Default-Policy
set orgs org-services IPC02945 class-of-service qos-profiles Business1 forwarding-class fc13
set orgs org-services IPC02945 class-of-service qos-profiles Business1 loss-priority high
set orgs org-services IPC02945 class-of-service qos-profiles Business1 dscp-rw-enable yes
set orgs org-services IPC02945 class-of-service qos-profiles Business1 dot1p-rw-enable no
set orgs org-services IPC02945 class-of-service qos-profiles Business2 forwarding-class fc14
set orgs org-services IPC02945 class-of-service qos-profiles Business2 loss-priority high
set orgs org-services IPC02945 class-of-service qos-profiles Business2 dscp-rw-enable yes
set orgs org-services IPC02945 class-of-service qos-profiles Business2 dot1p-rw-enable no
set orgs org-services IPC02945 class-of-service qos-profiles Business3 forwarding-class fc15
set orgs org-services IPC02945 class-of-service qos-profiles Business3 loss-priority high
set orgs org-services IPC02945 class-of-service qos-profiles Business3 dscp-rw-enable yes
set orgs org-services IPC02945 class-of-service qos-profiles Business3 dot1p-rw-enable no
set orgs org-services IPC02945 class-of-service qos-profiles Internet-Default forwarding-class fc_be
set orgs org-services IPC02945 class-of-service qos-profiles Internet-Default loss-priority high
set orgs org-services IPC02945 class-of-service qos-profiles Internet-Default dscp-rw-enable no
set orgs org-services IPC02945 class-of-service qos-profiles Internet-Default dot1p-rw-enable no
set orgs org-services IPC02945 class-of-service qos-profiles Premium forwarding-class fc_ef
set orgs org-services IPC02945 class-of-service qos-profiles Premium loss-priority low
set orgs org-services IPC02945 class-of-service qos-profiles Premium dscp-rw-enable yes
set orgs org-services IPC02945 class-of-service qos-profiles Premium dot1p-rw-enable no
set orgs org-services IPC02945 class-of-service qos-profiles Routing-Management forwarding-class fc_nc
set orgs org-services IPC02945 class-of-service qos-profiles Routing-Management loss-priority low
set orgs org-services IPC02945 class-of-service qos-profiles Routing-Management dscp-rw-enable yes
set orgs org-services IPC02945 class-of-service qos-profiles Routing-Management dot1p-rw-enable no
set orgs org-services IPC02945 ipsec vpn-profile NV-WC1-BRU-Profile vpn-type branch-sdwan
set orgs org-services IPC02945 ipsec vpn-profile NV-WC1-BRU-Profile branch-sdwan-profile b2b-sdwan
set orgs org-services IPC02945 ipsec vpn-profile NV-WC1-BRU-Profile local-auth-info
set orgs org-services IPC02945 ipsec vpn-profile NV-WC1-BRU-Profile local-auth-info auth-type psk
set orgs org-services IPC02945 ipsec vpn-profile NV-WC1-BRU-Profile local-auth-info id-type email
set orgs org-services IPC02945 ipsec vpn-profile NV-WC1-BRU-Profile local-auth-info key 3y7wlUtg82Pv3Pn9
set orgs org-services IPC02945 ipsec vpn-profile NV-WC1-BRU-Profile local-auth-info id-string BRU000146@IPC02945.com
set orgs org-services IPC02945 ipsec vpn-profile NV-WC1-BRU-Profile local
set orgs org-services IPC02945 ipsec vpn-profile NV-WC1-BRU-Profile local interface-name tvi-0/178.0
set orgs org-services IPC02945 ipsec vpn-profile NV-WC1-BRU-Profile routing-instance IPC02945-Control-VR
set orgs org-services IPC02945 ipsec vpn-profile NV-WC1-BRU-Profile tunnel-routing-instance IPC02945-Control-VR
set orgs org-services IPC02945 ipsec vpn-profile NV-WC1-BRU-Profile tunnel-initiate automatic
set orgs org-services IPC02945 ipsec vpn-profile NV-WC1-BRU-Profile ipsec transform esp-aes256-sha256
set orgs org-services IPC02945 ipsec vpn-profile NV-WC1-BRU-Profile ipsec life duration 28000
set orgs org-services IPC02945 ipsec vpn-profile NV-WC1-BRU-Profile ike group mod19
set orgs org-services IPC02945 ipsec vpn-profile NV-WC1-BRU-Profile ike transform aes256-sha256
set orgs org-services IPC02945 ipsec vpn-profile NV-WC1-BRU-Profile ike lifetime 28800
set orgs org-services IPC02945 ipsec vpn-profile NV-WC1-BRU-Profile ike dpd-timeout 10
set orgs org-services IPC02945 ipsec vpn-profile NV-WC1-BRU-Profile peer-auth-info
set orgs org-services IPC02945 ipsec vpn-profile NV-WC1-BRU-Profile peer-auth-info auth-type psk
set orgs org-services IPC02945 ipsec vpn-profile NV-WC1-BRU-Profile peer-auth-info id-type email
set orgs org-services IPC02945 ipsec vpn-profile NV-WC1-BRU-Profile peer-auth-info key "1#89&IP5492c#476"
set orgs org-services IPC02945 ipsec vpn-profile NV-WC1-BRU-Profile peer-auth-info id-string "1#89&IP5492c#476@colt.net"
set orgs org-services IPC02945 ipsec vpn-profile NV-WC1-BRU-Profile peer
set orgs org-services IPC02945 ipsec vpn-profile NV-WC1-BRU-Profile peer address [ 10.89.0.1 ]
set orgs org-services IPC02945 ipsec vpn-profile NV-WC1-BRU-Profile tunnel-interface ptvi178
set orgs org-services IPC02945 ipsec vpn-profile NV-WC2-BRU-Profile vpn-type branch-sdwan
set orgs org-services IPC02945 ipsec vpn-profile NV-WC2-BRU-Profile branch-sdwan-profile b2b-sdwan
set orgs org-services IPC02945 ipsec vpn-profile NV-WC2-BRU-Profile local-auth-info
set orgs org-services IPC02945 ipsec vpn-profile NV-WC2-BRU-Profile local-auth-info auth-type psk
set orgs org-services IPC02945 ipsec vpn-profile NV-WC2-BRU-Profile local-auth-info id-type email
set orgs org-services IPC02945 ipsec vpn-profile NV-WC2-BRU-Profile local-auth-info key uJyDY3n4fkK5phhe
set orgs org-services IPC02945 ipsec vpn-profile NV-WC2-BRU-Profile local-auth-info id-string BRU000146@IPC02945.com
set orgs org-services IPC02945 ipsec vpn-profile NV-WC2-BRU-Profile local
set orgs org-services IPC02945 ipsec vpn-profile NV-WC2-BRU-Profile local interface-name tvi-0/178.0
set orgs org-services IPC02945 ipsec vpn-profile NV-WC2-BRU-Profile routing-instance IPC02945-Control-VR
set orgs org-services IPC02945 ipsec vpn-profile NV-WC2-BRU-Profile tunnel-routing-instance IPC02945-Control-VR
set orgs org-services IPC02945 ipsec vpn-profile NV-WC2-BRU-Profile tunnel-initiate automatic
set orgs org-services IPC02945 ipsec vpn-profile NV-WC2-BRU-Profile ipsec transform esp-aes256-sha256
set orgs org-services IPC02945 ipsec vpn-profile NV-WC2-BRU-Profile ipsec life duration 28000
set orgs org-services IPC02945 ipsec vpn-profile NV-WC2-BRU-Profile ike group mod19
set orgs org-services IPC02945 ipsec vpn-profile NV-WC2-BRU-Profile ike transform aes256-sha256
set orgs org-services IPC02945 ipsec vpn-profile NV-WC2-BRU-Profile ike lifetime 28800
set orgs org-services IPC02945 ipsec vpn-profile NV-WC2-BRU-Profile ike dpd-timeout 10
set orgs org-services IPC02945 ipsec vpn-profile NV-WC2-BRU-Profile peer-auth-info
set orgs org-services IPC02945 ipsec vpn-profile NV-WC2-BRU-Profile peer-auth-info auth-type psk
set orgs org-services IPC02945 ipsec vpn-profile NV-WC2-BRU-Profile peer-auth-info id-type email
set orgs org-services IPC02945 ipsec vpn-profile NV-WC2-BRU-Profile peer-auth-info key "1#89&IP5492c%476"
set orgs org-services IPC02945 ipsec vpn-profile NV-WC2-BRU-Profile peer-auth-info id-string "1#89&IP5492c%476@colt.net"
set orgs org-services IPC02945 ipsec vpn-profile NV-WC2-BRU-Profile peer
set orgs org-services IPC02945 ipsec vpn-profile NV-WC2-BRU-Profile peer address [ 10.89.0.2 ]
set orgs org-services IPC02945 ipsec vpn-profile NV-WC2-BRU-Profile tunnel-interface ptvi179
set orgs org-services IPC02945 ipsec branch-sdwan-profile b2b-sdwan life-time 28800
set orgs org-services IPC02945 ipsec branch-sdwan-profile b2b-sdwan rekey-time 6300
set orgs org-services IPC02945 lef collectors LEF-Collector-log_collector1 destination-address 10.63.20.5
set orgs org-services IPC02945 lef collectors LEF-Collector-log_collector1 destination-port 5140
set orgs org-services IPC02945 lef collectors LEF-Collector-log_collector1 routing-instance IPC02945-Control-VR
set orgs org-services IPC02945 lef collectors LEF-Collector-log_collector1 transport tcp
set orgs org-services IPC02945 lef collectors LEF-Collector-log_collector1 template Default-LEF-Template
set orgs org-services IPC02945 lef collectors LEF-Collector-log_collector2 destination-address 10.63.20.7
set orgs org-services IPC02945 lef collectors LEF-Collector-log_collector2 destination-port 5140
set orgs org-services IPC02945 lef collectors LEF-Collector-log_collector2 routing-instance IPC02945-Control-VR
set orgs org-services IPC02945 lef collectors LEF-Collector-log_collector2 transport tcp
set orgs org-services IPC02945 lef collectors LEF-Collector-log_collector2 template Default-LEF-Template
set orgs org-services IPC02945 lef collector-groups Default-Collector-Group collectors [ LEF-Collector-log_collector1 LEF-Collector-log_collector2 ]
set orgs org-services IPC02945 lef templates Default-LEF-Template type ipfix
set orgs org-services IPC02945 lef profiles Default-Logging-Profile collector-group Default-Collector-Group
set orgs org-services IPC02945 lef default-profile Default-Logging-Profile
set orgs org-services IPC02945 sd-wan forwarding-profiles Default-FP
set orgs org-services IPC02945 sd-wan policies Default-Policy rules Default-Rule set forwarding-profile Default-FP
set orgs org-services IPC02945 objects zones W-ST-LAN1-VRF-INT-WAN
set orgs org-services IPC02945 objects zones L-ST-LAN1-VRF-INT-WAN
set orgs org-services IPC02945 objects zones W-ST-LAN1-VRF-INT-WAN1
set orgs org-services IPC02945 objects zones L-ST-LAN1-VRF-INT-WAN1
set orgs org-services IPC02945 objects zones W-ST-LAN1-VRF-INT-WAN2
set orgs org-services IPC02945 objects zones L-ST-LAN1-VRF-INT-WAN2
set orgs org-services IPC02945 objects zones W-ST-LAN1-VRF-LTE-WAN
set orgs org-services IPC02945 objects zones L-ST-LAN1-VRF-LTE-WAN
set orgs org-services IPC02945 objects zones W-ST-LAN1-VRF-MPLS-WAN
set orgs org-services IPC02945 objects zones L-ST-LAN1-VRF-MPLS-WAN
set orgs org-services IPC02945 objects zones W-ST-LAN1-VRF-MPLS-WAN1
set orgs org-services IPC02945 objects zones L-ST-LAN1-VRF-MPLS-WAN1
set orgs org-services IPC02945 objects zones W-ST-LAN1-VRF-MPLS-WAN2
set orgs org-services IPC02945 objects zones L-ST-LAN1-VRF-MPLS-WAN2
set orgs org-services IPC02945 objects zones W-ST-LAN2-VRF-INT-WAN
set orgs org-services IPC02945 objects zones L-ST-LAN2-VRF-INT-WAN
set orgs org-services IPC02945 objects zones W-ST-LAN2-VRF-INT-WAN1
set orgs org-services IPC02945 objects zones L-ST-LAN2-VRF-INT-WAN1
set orgs org-services IPC02945 objects zones W-ST-LAN2-VRF-INT-WAN2
set orgs org-services IPC02945 objects zones L-ST-LAN2-VRF-INT-WAN2
set orgs org-services IPC02945 objects zones W-ST-LAN2-VRF-LTE-WAN
set orgs org-services IPC02945 objects zones L-ST-LAN2-VRF-LTE-WAN
set orgs org-services IPC02945 objects zones W-ST-LAN2-VRF-MPLS-WAN
set orgs org-services IPC02945 objects zones L-ST-LAN2-VRF-MPLS-WAN
set orgs org-services IPC02945 objects zones W-ST-LAN2-VRF-MPLS-WAN1
set orgs org-services IPC02945 objects zones L-ST-LAN2-VRF-MPLS-WAN1
set orgs org-services IPC02945 objects zones W-ST-LAN2-VRF-MPLS-WAN2
set orgs org-services IPC02945 objects zones L-ST-LAN2-VRF-MPLS-WAN2
set orgs org-services IPC02945 objects zones W-ST-LAN3-VRF-INT-WAN
set orgs org-services IPC02945 objects zones L-ST-LAN3-VRF-INT-WAN
set orgs org-services IPC02945 objects zones W-ST-LAN3-VRF-INT-WAN1
set orgs org-services IPC02945 objects zones L-ST-LAN3-VRF-INT-WAN1
set orgs org-services IPC02945 objects zones W-ST-LAN3-VRF-INT-WAN2
set orgs org-services IPC02945 objects zones L-ST-LAN3-VRF-INT-WAN2
set orgs org-services IPC02945 objects zones W-ST-LAN3-VRF-LTE-WAN
set orgs org-services IPC02945 objects zones L-ST-LAN3-VRF-LTE-WAN
set orgs org-services IPC02945 objects zones W-ST-LAN3-VRF-MPLS-WAN
set orgs org-services IPC02945 objects zones L-ST-LAN3-VRF-MPLS-WAN
set orgs org-services IPC02945 objects zones W-ST-LAN3-VRF-MPLS-WAN1
set orgs org-services IPC02945 objects zones L-ST-LAN3-VRF-MPLS-WAN1
set orgs org-services IPC02945 objects zones W-ST-LAN3-VRF-MPLS-WAN2
set orgs org-services IPC02945 objects zones L-ST-LAN3-VRF-MPLS-WAN2
set orgs org-services IPC02945 objects zones W-ST-LAN4-VRF-INT-WAN
set orgs org-services IPC02945 objects zones L-ST-LAN4-VRF-INT-WAN
set orgs org-services IPC02945 objects zones W-ST-LAN4-VRF-INT-WAN1
set orgs org-services IPC02945 objects zones L-ST-LAN4-VRF-INT-WAN1
set orgs org-services IPC02945 objects zones W-ST-LAN4-VRF-INT-WAN2
set orgs org-services IPC02945 objects zones L-ST-LAN4-VRF-INT-WAN2
set orgs org-services IPC02945 objects zones W-ST-LAN4-VRF-LTE-WAN
set orgs org-services IPC02945 objects zones L-ST-LAN4-VRF-LTE-WAN
set orgs org-services IPC02945 objects zones W-ST-LAN4-VRF-MPLS-WAN
set orgs org-services IPC02945 objects zones L-ST-LAN4-VRF-MPLS-WAN
set orgs org-services IPC02945 objects zones W-ST-LAN4-VRF-MPLS-WAN1
set orgs org-services IPC02945 objects zones L-ST-LAN4-VRF-MPLS-WAN1
set orgs org-services IPC02945 objects zones W-ST-LAN4-VRF-MPLS-WAN2
set orgs org-services IPC02945 objects zones L-ST-LAN4-VRF-MPLS-WAN2
set orgs org-services IPC02945 objects zones W-ST-LAN5-VRF-INT-WAN
set orgs org-services IPC02945 objects zones L-ST-LAN5-VRF-INT-WAN
set orgs org-services IPC02945 objects zones W-ST-LAN5-VRF-INT-WAN1
set orgs org-services IPC02945 objects zones L-ST-LAN5-VRF-INT-WAN1
set orgs org-services IPC02945 objects zones W-ST-LAN5-VRF-INT-WAN2
set orgs org-services IPC02945 objects zones L-ST-LAN5-VRF-INT-WAN2
set orgs org-services IPC02945 objects zones W-ST-LAN5-VRF-LTE-WAN
set orgs org-services IPC02945 objects zones L-ST-LAN5-VRF-LTE-WAN
set orgs org-services IPC02945 objects zones W-ST-LAN5-VRF-MPLS-WAN
set orgs org-services IPC02945 objects zones L-ST-LAN5-VRF-MPLS-WAN
set orgs org-services IPC02945 objects zones W-ST-LAN5-VRF-MPLS-WAN1
set orgs org-services IPC02945 objects zones L-ST-LAN5-VRF-MPLS-WAN1
set orgs org-services IPC02945 objects zones W-ST-LAN5-VRF-MPLS-WAN2
set orgs org-services IPC02945 objects zones L-ST-LAN5-VRF-MPLS-WAN2
set orgs org-services IPC02945 objects zones W-ST-LAN6-VRF-INT-WAN
set orgs org-services IPC02945 objects zones L-ST-LAN6-VRF-INT-WAN
set orgs org-services IPC02945 objects zones W-ST-LAN6-VRF-INT-WAN1
set orgs org-services IPC02945 objects zones L-ST-LAN6-VRF-INT-WAN1
set orgs org-services IPC02945 objects zones W-ST-LAN6-VRF-INT-WAN2
set orgs org-services IPC02945 objects zones L-ST-LAN6-VRF-INT-WAN2
set orgs org-services IPC02945 objects zones W-ST-LAN6-VRF-LTE-WAN
set orgs org-services IPC02945 objects zones L-ST-LAN6-VRF-LTE-WAN
set orgs org-services IPC02945 objects zones W-ST-LAN6-VRF-MPLS-WAN
set orgs org-services IPC02945 objects zones L-ST-LAN6-VRF-MPLS-WAN
set orgs org-services IPC02945 objects zones W-ST-LAN6-VRF-MPLS-WAN1
set orgs org-services IPC02945 objects zones L-ST-LAN6-VRF-MPLS-WAN1
set orgs org-services IPC02945 objects zones W-ST-LAN6-VRF-MPLS-WAN2
set orgs org-services IPC02945 objects zones L-ST-LAN6-VRF-MPLS-WAN2
set orgs org-services IPC02945 objects zones W-ST-LAN7-VRF-INT-WAN
set orgs org-services IPC02945 objects zones L-ST-LAN7-VRF-INT-WAN
set orgs org-services IPC02945 objects zones W-ST-LAN7-VRF-INT-WAN1
set orgs org-services IPC02945 objects zones L-ST-LAN7-VRF-INT-WAN1
set orgs org-services IPC02945 objects zones W-ST-LAN7-VRF-INT-WAN2
set orgs org-services IPC02945 objects zones L-ST-LAN7-VRF-INT-WAN2
set orgs org-services IPC02945 objects zones W-ST-LAN7-VRF-LTE-WAN
set orgs org-services IPC02945 objects zones L-ST-LAN7-VRF-LTE-WAN
set orgs org-services IPC02945 objects zones W-ST-LAN7-VRF-MPLS-WAN
set orgs org-services IPC02945 objects zones L-ST-LAN7-VRF-MPLS-WAN
set orgs org-services IPC02945 objects zones W-ST-LAN7-VRF-MPLS-WAN1
set orgs org-services IPC02945 objects zones L-ST-LAN7-VRF-MPLS-WAN1
set orgs org-services IPC02945 objects zones W-ST-LAN7-VRF-MPLS-WAN2
set orgs org-services IPC02945 objects zones L-ST-LAN7-VRF-MPLS-WAN2
set orgs org-services IPC02945 objects zones W-ST-LAN8-VRF-INT-WAN
set orgs org-services IPC02945 objects zones L-ST-LAN8-VRF-INT-WAN
set orgs org-services IPC02945 objects zones W-ST-LAN8-VRF-INT-WAN1
set orgs org-services IPC02945 objects zones L-ST-LAN8-VRF-INT-WAN1
set orgs org-services IPC02945 objects zones W-ST-LAN8-VRF-INT-WAN2
set orgs org-services IPC02945 objects zones L-ST-LAN8-VRF-INT-WAN2
set orgs org-services IPC02945 objects zones W-ST-LAN8-VRF-LTE-WAN
set orgs org-services IPC02945 objects zones L-ST-LAN8-VRF-LTE-WAN
set orgs org-services IPC02945 objects zones W-ST-LAN8-VRF-MPLS-WAN
set orgs org-services IPC02945 objects zones L-ST-LAN8-VRF-MPLS-WAN
set orgs org-services IPC02945 objects zones W-ST-LAN8-VRF-MPLS-WAN1
set orgs org-services IPC02945 objects zones L-ST-LAN8-VRF-MPLS-WAN1
set orgs org-services IPC02945 objects zones W-ST-LAN8-VRF-MPLS-WAN2
set orgs org-services IPC02945 objects zones L-ST-LAN8-VRF-MPLS-WAN2
set orgs org-services IPC02945 objects zones W-ST-LAN9-VRF-INT-WAN
set orgs org-services IPC02945 objects zones L-ST-LAN9-VRF-INT-WAN
set orgs org-services IPC02945 objects zones W-ST-LAN9-VRF-INT-WAN1
set orgs org-services IPC02945 objects zones L-ST-LAN9-VRF-INT-WAN1
set orgs org-services IPC02945 objects zones W-ST-LAN9-VRF-INT-WAN2
set orgs org-services IPC02945 objects zones L-ST-LAN9-VRF-INT-WAN2
set orgs org-services IPC02945 objects zones W-ST-LAN9-VRF-LTE-WAN
set orgs org-services IPC02945 objects zones L-ST-LAN9-VRF-LTE-WAN
set orgs org-services IPC02945 objects zones W-ST-LAN9-VRF-MPLS-WAN
set orgs org-services IPC02945 objects zones L-ST-LAN9-VRF-MPLS-WAN
set orgs org-services IPC02945 objects zones W-ST-LAN9-VRF-MPLS-WAN1
set orgs org-services IPC02945 objects zones L-ST-LAN9-VRF-MPLS-WAN1
set orgs org-services IPC02945 objects zones W-ST-LAN9-VRF-MPLS-WAN2
set orgs org-services IPC02945 objects zones L-ST-LAN9-VRF-MPLS-WAN2
set orgs org-services IPC02945 objects zones W-ST-LAN10-VRF-INT-WAN
set orgs org-services IPC02945 objects zones L-ST-LAN10-VRF-INT-WAN
set orgs org-services IPC02945 objects zones W-ST-LAN10-VRF-INT-WAN1
set orgs org-services IPC02945 objects zones L-ST-LAN10-VRF-INT-WAN1
set orgs org-services IPC02945 objects zones W-ST-LAN10-VRF-INT-WAN2
set orgs org-services IPC02945 objects zones L-ST-LAN10-VRF-INT-WAN2
set orgs org-services IPC02945 objects zones W-ST-LAN10-VRF-LTE-WAN
set orgs org-services IPC02945 objects zones L-ST-LAN10-VRF-LTE-WAN
set orgs org-services IPC02945 objects zones W-ST-LAN10-VRF-MPLS-WAN
set orgs org-services IPC02945 objects zones L-ST-LAN10-VRF-MPLS-WAN
set orgs org-services IPC02945 objects zones W-ST-LAN10-VRF-MPLS-WAN1
set orgs org-services IPC02945 objects zones L-ST-LAN10-VRF-MPLS-WAN1
set orgs org-services IPC02945 objects zones W-ST-LAN10-VRF-MPLS-WAN2
set orgs org-services IPC02945 objects zones L-ST-LAN10-VRF-MPLS-WAN2
set orgs org-services IPC02945 objects zones trust
set orgs org-services IPC02945 objects zones untrust
set orgs org-services IPC02945 objects zones host
set orgs org-services IPC02945 objects zones Intf-MPLS-WAN2-Zone networks [ MPLS-WAN2 ]
set orgs org-services IPC02945 objects zones Intf-MPLS-WAN2-Failover-Zone networks [ MPLS-WAN2-Failover ]
set orgs org-services IPC02945 objects zones RTI-MPLS-WAN2-Zone routing-instance MPLS-WAN2-Transport-VR
set orgs org-services IPC02945 objects zones Intf-MPLS-WAN1-Zone networks [ MPLS-WAN1 ]
set orgs org-services IPC02945 objects zones RTI-MPLS-WAN1-Zone routing-instance MPLS-WAN1-Transport-VR
set orgs org-services IPC02945 objects zones ptvi
set orgs org-services IPC02945 objects zones Intf-LAN1-Zone description LAN1
set orgs org-services IPC02945 objects zones Intf-LAN1-Zone networks [ LAN1 ]
set orgs org-services IPC02945 objects services DHCP-67 protocol UDP
set orgs org-services IPC02945 objects services DHCP-67 port 67
set orgs org-services IPC02945 objects services DHCP-68 protocol UDP
set orgs org-services IPC02945 objects services DHCP-68 port 68
set orgs org-services IPC02945 objects services IPERF protocol TCP_OR_UDP
set orgs org-services IPC02945 objects services IPERF port 5021
set orgs org-services IPC02945 objects services IPSEC protocol UDP
set orgs org-services IPC02945 objects services IPSEC port 4790,4500,500
set orgs org-services IPC02945 objects services IPSIPSecAH protocol AH
set orgs org-services IPC02945 objects services IPSecAH protocol AH
set orgs org-services IPC02945 objects services SPEED-TEST protocol TCP
set orgs org-services IPC02945 objects services SPEED-TEST port 5201
set orgs org-services IPC02945 traffic-monitoring logging-control Default-Logging-Control profile Default-Logging-Profile
set orgs org-services IPC02945 traffic-monitoring logging-control Default-Logging-Control options
set orgs org-services IPC02945 traffic-monitoring logging-control Default-Logging-Control options stats
set orgs org-services IPC02945 traffic-monitoring logging-control Default-Logging-Control options stats all
set routing-instances IPC02945-Control-VR instance-type virtual-router
set routing-instances IPC02945-Control-VR policy-options redistribution-policy Control-VR-Policy term Paired-TVI-Reject match address 169.254.0.0/16
set routing-instances IPC02945-Control-VR policy-options redistribution-policy Control-VR-Policy term Paired-TVI-Reject action reject
set routing-instances IPC02945-Control-VR policy-options redistribution-policy Control-VR-Policy term SDWAN-TVI1-Reject match address 172.24.15.99/32
set routing-instances IPC02945-Control-VR policy-options redistribution-policy Control-VR-Policy term SDWAN-TVI1-Reject action reject
set routing-instances IPC02945-Control-VR policy-options redistribution-policy Control-VR-Policy term SDWAN-TVI2-Reject match address 100.110.9.135/32
set routing-instances IPC02945-Control-VR policy-options redistribution-policy Control-VR-Policy term SDWAN-TVI2-Reject action reject
set routing-instances IPC02945-Control-VR policy-options redistribution-policy Control-VR-Policy term DIRECT match protocol direct
set routing-instances IPC02945-Control-VR policy-options redistribution-policy Control-VR-Policy term DIRECT action accept
set routing-instances IPC02945-Control-VR policy-options redistribution-policy Control-VR-Policy term DIRECT action set-origin igp
set routing-instances IPC02945-Control-VR policy-options redistribute-to-bgp Control-VR-Policy
set routing-instances IPC02945-Control-VR mpls-vpn-core
set routing-instances IPC02945-Control-VR interfaces [ ptvi178 ptvi179 tvi-0/178.0 tvi-0/179.0 ]
set routing-instances IPC02945-Control-VR routing-options mpls-vpn-local-router-interface family inet
set routing-instances IPC02945-Control-VR routing-options mpls-vpn-local-router-interface interface tvi-0/179.0
set routing-instances IPC02945-Control-VR protocols bgp 89 hold-time 90
set routing-instances IPC02945-Control-VR protocols bgp 89 local-address 100.110.9.135
set routing-instances IPC02945-Control-VR protocols bgp 89 graceful-restart enable
set routing-instances IPC02945-Control-VR protocols bgp 89 graceful-restart maximum-restart-time 15
set routing-instances IPC02945-Control-VR protocols bgp 89 graceful-restart recovery-time 15
set routing-instances IPC02945-Control-VR protocols bgp 89 graceful-restart select-defer-time 15
set routing-instances IPC02945-Control-VR protocols bgp 89 graceful-restart stalepath-time 15
set routing-instances IPC02945-Control-VR protocols bgp 89 graceful-restart dynamic-peer-restart-time 0
set routing-instances IPC02945-Control-VR protocols bgp 89 graceful-restart multiplier 8
set routing-instances IPC02945-Control-VR protocols bgp 89 routing-peer-policy Import-From-SDWAN-Policy term 1GW1 match family inet-vpn
set routing-instances IPC02945-Control-VR protocols bgp 89 routing-peer-policy Import-From-SDWAN-Policy term 1GW1 match community "(^|,)([0-9]*:11)($|,)"
set routing-instances IPC02945-Control-VR protocols bgp 89 routing-peer-policy Import-From-SDWAN-Policy term 1GW1 action accept
set routing-instances IPC02945-Control-VR protocols bgp 89 routing-peer-policy Import-From-SDWAN-Policy term 1GW1 action community 8009:8009
set routing-instances IPC02945-Control-VR protocols bgp 89 routing-peer-policy Import-From-SDWAN-Policy term 1GW1 action community-action set-specific
set routing-instances IPC02945-Control-VR protocols bgp 89 routing-peer-policy Import-From-SDWAN-Policy term 1GW1 action set-local-preference 80
set routing-instances IPC02945-Control-VR protocols bgp 89 routing-peer-policy Import-From-SDWAN-Policy term 2GW2 match family inet-vpn
set routing-instances IPC02945-Control-VR protocols bgp 89 routing-peer-policy Import-From-SDWAN-Policy term 2GW2 match community "(^|,)([0-9]*:12)($|,)"
set routing-instances IPC02945-Control-VR protocols bgp 89 routing-peer-policy Import-From-SDWAN-Policy term 2GW2 action accept
set routing-instances IPC02945-Control-VR protocols bgp 89 routing-peer-policy Import-From-SDWAN-Policy term 2GW2 action community 8009:8009
set routing-instances IPC02945-Control-VR protocols bgp 89 routing-peer-policy Import-From-SDWAN-Policy term 2GW2 action community-action set-specific
set routing-instances IPC02945-Control-VR protocols bgp 89 routing-peer-policy Import-From-SDWAN-Policy term 2GW2 action set-local-preference 60
set routing-instances IPC02945-Control-VR protocols bgp 89 routing-peer-policy Import-From-SDWAN-Policy term Allow-All action accept
set routing-instances IPC02945-Control-VR protocols bgp 89 routing-peer-policy Import-From-SDWAN-Policy term Allow-All action community 8009:8009
set routing-instances IPC02945-Control-VR protocols bgp 89 routing-peer-policy Import-From-SDWAN-Policy term Allow-All action community-action set-specific
set routing-instances IPC02945-Control-VR protocols bgp 89 routing-peer-policy Import-From-SDWAN-Policy term Allow-VersaPvt-All match family versa-private
set routing-instances IPC02945-Control-VR protocols bgp 89 routing-peer-policy Import-From-SDWAN-Policy term Allow-VersaPvt-All action accept
set routing-instances IPC02945-Control-VR protocols bgp 89 routing-peer-policy TO_SDWAN term Wildcard match family inet-vpn
set routing-instances IPC02945-Control-VR protocols bgp 89 routing-peer-policy TO_SDWAN term Wildcard action accept
set routing-instances IPC02945-Control-VR protocols bgp 89 routing-peer-policy TO_SDWAN term Wildcard action community 32:10
set routing-instances IPC02945-Control-VR protocols bgp 89 routing-peer-policy TO_SDWAN term Wildcard action community-action set-specific
set routing-instances IPC02945-Control-VR protocols bgp 89 routing-peer-policy TO_SDWAN term VersaPvt-Wildcard match family versa-private
set routing-instances IPC02945-Control-VR protocols bgp 89 routing-peer-policy TO_SDWAN term VersaPvt-Wildcard action accept
set routing-instances IPC02945-Control-VR protocols bgp 89 routing-peer-policy TO_SDWAN term VersaPvt-Wildcard action community 32:10
set routing-instances IPC02945-Control-VR protocols bgp 89 routing-peer-policy TO_SDWAN term VersaPvt-Wildcard action community-action set-specific
set routing-instances IPC02945-Control-VR protocols bgp 89 router-id 100.110.9.135
set routing-instances IPC02945-Control-VR protocols bgp 89 local-as as-number 65505
set routing-instances IPC02945-Control-VR protocols bgp 89 group Controllers-Group type internal
set routing-instances IPC02945-Control-VR protocols bgp 89 group Controllers-Group family inet unicast
set routing-instances IPC02945-Control-VR protocols bgp 89 group Controllers-Group family inet versa-private
set routing-instances IPC02945-Control-VR protocols bgp 89 group Controllers-Group family inet-vpn unicast
set routing-instances IPC02945-Control-VR protocols bgp 89 group Controllers-Group family inet6-vpn unicast
set routing-instances IPC02945-Control-VR protocols bgp 89 group Controllers-Group import Import-From-SDWAN-Policy
set routing-instances IPC02945-Control-VR protocols bgp 89 group Controllers-Group export TO_SDWAN
set routing-instances IPC02945-Control-VR protocols bgp 89 group Controllers-Group peer-as 65505
set routing-instances IPC02945-Control-VR protocols bgp 89 group Controllers-Group neighbor 10.89.64.1
set routing-instances IPC02945-Control-VR protocols bgp 89 group Controllers-Group neighbor 10.89.64.2
set routing-instances LAN1-VRF instance-type vrf
set routing-instances LAN1-VRF policy-options redistribution-policy Default-Policy-To-BGP term T2-DIRECT match protocol direct
set routing-instances LAN1-VRF policy-options redistribution-policy Default-Policy-To-BGP term T2-DIRECT action accept
set routing-instances LAN1-VRF policy-options redistribution-policy Default-Policy-To-BGP term T2-DIRECT action set-origin igp
set routing-instances LAN1-VRF policy-options redistribution-policy Default-Policy-To-BGP term T2-DIRECT action set-local-preference 109
set routing-instances LAN1-VRF policy-options redistribution-policy Default-Policy-To-BGP term T3-STATIC match protocol static
set routing-instances LAN1-VRF policy-options redistribution-policy Default-Policy-To-BGP term T3-STATIC action accept
set routing-instances LAN1-VRF policy-options redistribution-policy Default-Policy-To-BGP term T3-STATIC action set-origin igp
set routing-instances LAN1-VRF policy-options redistribution-policy Default-Policy-To-BGP term T3-STATIC action set-local-preference 109
set routing-instances LAN1-VRF policy-options redistribute-to-bgp Default-Policy-To-BGP
set routing-instances LAN1-VRF global-vrf-id 1010
set routing-instances LAN1-VRF networks [ LAN1 ]
set routing-instances LAN1-VRF mpls-vpn-core-instance IPC02945-Control-VR
set routing-instances LAN1-VRF route-distinguisher 1010L:1011
set routing-instances LAN1-VRF vrf-import-target target:1010L:10102
set routing-instances LAN1-VRF vrf-both-target target:1010L:1010
set routing-instances MPLS-WAN1-Transport-VR instance-type virtual-router
set routing-instances MPLS-WAN1-Transport-VR networks [ MPLS-WAN1 ]
set routing-instances MPLS-WAN1-Transport-VR routing-options static route 0.0.0.0/0 172.16.255.1 none tag 0
set routing-instances MPLS-WAN1-Transport-VR routing-options static route 0.0.0.0/0 172.16.255.1 none icmp
set routing-instances MPLS-WAN1-Transport-VR routing-options static route 0.0.0.0/0 172.16.255.1 none icmp interval 5
set routing-instances MPLS-WAN1-Transport-VR routing-options static route 0.0.0.0/0 172.16.255.1 none icmp threshold 6
set routing-instances MPLS-WAN2-Transport-VR instance-type virtual-router
set routing-instances MPLS-WAN2-Transport-VR networks [ MPLS-WAN2 MPLS-WAN2-Failover ]
set routing-instances MPLS-WAN2-Transport-VR routing-options static route 0.0.0.0/0 172.24.54.77 none tag 0
set service-node-groups default-sng id 0
set service-node-groups default-sng type internal
set service-node-groups default-sng services [ cgnat sdwan ]
set system vnf-manager ip-addresses [ 10.5.2.0/24 10.5.20.64/26 10.5.22.0/24 10.7.1.80/32 212.74.77.202/32 ]
set system vnf-manager vnf-mgmt-interfaces [ tvi-0/179.0 ]
set system identification name BRU000146
set system identification location "Industrielaan / 3B,Erembodegem, BELGIUM 9320"
set system identification latitude 0.0
set system identification longitude 0.0
set system session check-tcp-syn false
set system session reevaluate-reverse-flow false
set system session tcp-send-reset false
set system session tcp-secure-reset false
set system session tcp-adjust-mss enable true
set system session tcp-adjust-mss interface-types all
set system services ssh enabled
set system services sftp disabled
set system services www enabled
set system subjugate enabled
set system time-zone Greenwich
set system users admin login shell
set system users admin role admin
set system users portal password $6$gDkgYd4BVkSl2kgg$QSrZZZHYZgLpz0mjdZneGXITu1Y31L8tEUOnJeUg9BaWQwIALsQC/4CdqSB0SH6c633JEpi0DLyC6Ga2VEYVI.
set system users portal ssh-public-key portal "ssh-rsa AAAAB3NzaC1yc2EAAAADAQABAAABAQDo+WWU8BDyqZCYadUGElffuy1pkOo4nrg/yfOqV84G+ukVGf+SF48h+543zMxMmKTauHEqmSp+74IbSpN9buBom/BFpBTm3c66BErMmLNariqvfItG7CO9UBPqoXpUBAXnF/muohwe145jEyRRI4Lof2wK6F6qYjzTQHK+zp5IpV6D+VurfQ6fIQB2oUIj9c8OG3Zfyp33l9utdLCzR7Uo4OGt9GidMrO2mXSBWXb+L5o6MAiOB4EhKvVyG9O8+So7zHEcUI65bq3JWzLzM7w705ySVwitEeqCx2wS7v/2KNuHmI8kSQVOuXQ539V3PJThvlVPY7ABmrY5+4MZT+Fv novitas@colt.net"
set system users portal login shell
set system users portal role admin
set system users versa login shell
set system users versa role admin
set system users webuser password $6$3KI68sVuI2IyFVT7$y5YgOj3kiEAjCTLIZ39P9tDua4UIp8Nttsb1sPOmBKcFkna4Ue8rKZpbNYYFR0Q0f0rBKuXKh6MG.HD7yClk6.
set system users webuser login none
set system users webuser role oper
set system service-options qos-frame-overhead auto-adjust true
set system service-options continuous-qos-evaluation true
set system ssh client-alive-interval 300
set system ssh client-alive-count-max 0
set system sd-wan
set system sd-wan site site-type branch
set system sd-wan site chassis-id BRU-64508CC0292C8536AF2D138E4A18E8EE
set system sd-wan site site-id 2633
set system sd-wan site paired-site location-id BRU000007-BRU000146
set system sd-wan site provider-org IPC02945
set system sd-wan site wan-interfaces vni-0/1.0 transport-domains [ MPLS-TD ]
set system sd-wan site wan-interfaces vni-0/1.0 inet
set system sd-wan site wan-interfaces vni-0/1.0 inet circuit-name MPLS-WAN2
set system sd-wan site wan-interfaces vni-0/3.1 transport-domains [ MPLS-TD ]
set system sd-wan site wan-interfaces vni-0/3.1 inet
set system sd-wan site wan-interfaces vni-0/3.1 inet circuit-name MPLS-WAN1
set system sd-wan transport-domains MPLS-TD id 20
set system sd-wan controllers NV-WC1-BRU site-name NV-WC1-BRU
set system sd-wan controllers NV-WC1-BRU site-id 1
set system sd-wan controllers NV-WC1-BRU transport-addresses NV-WC1-BRU-Transport-MPLS-WAN ip-address 172.24.123.162
set system sd-wan controllers NV-WC1-BRU transport-addresses NV-WC1-BRU-Transport-MPLS-WAN transport-domains [ MPLS-TD ]
set system sd-wan controllers NV-WC2-BRU site-name NV-WC2-BRU
set system sd-wan controllers NV-WC2-BRU site-id 2
set system sd-wan controllers NV-WC2-BRU transport-addresses NV-WC2-BRU-Transport-MPLS-WAN ip-address 172.24.123.166
set system sd-wan controllers NV-WC2-BRU transport-addresses NV-WC2-BRU-Transport-MPLS-WAN transport-domains [ MPLS-TD ]
set system external-aaa auth-order remote-then-local
set system external-aaa tacacs-plus
set system external-aaa tacacs-plus server 10.5.22.116 key C:ifiiape.
set system external-aaa tacacs-plus server 10.5.22.117 key C:ifiiape.
set system external-aaa tacacs-plus action [ authentication accounting ]
set nacm write-default permit
set nacm groups group IPC02945-adc-admin-group
set nacm groups group IPC02945-cgnat-admin-group
set nacm groups group IPC02945-network-admin-group
set nacm groups group IPC02945-oper-group
set nacm groups group IPC02945-sdwan-admin-group
set nacm groups group IPC02945-security-admin-group
set nacm groups group IPC02945-tenant-admin-group
set nacm groups group admin user-name [ admin portal versa ]
set nacm groups group oper user-name [ restuser webuser ]
set nacm rule-list admin group [ admin ]
set nacm rule-list admin rule any-access action permit
set nacm rule-list admin cmdrule all_cmds command *
set nacm rule-list admin cmdrule all_cmds access-operations *
set nacm rule-list admin cmdrule all_cmds action permit
set nacm rule-list any-group group [ * ]
set nacm rule-list any-group rule tailf-aaa-authentication module-name tailf-aaa
set nacm rule-list any-group rule tailf-aaa-authentication path /aaa/authentication/users/user[name='$USER']
set nacm rule-list any-group rule tailf-aaa-authentication access-operations read,update
set nacm rule-list any-group rule tailf-aaa-authentication action permit
set nacm rule-list any-group rule tailf-aaa-user module-name tailf-aaa
set nacm rule-list any-group rule tailf-aaa-user path /user[name='$USER']
set nacm rule-list any-group rule tailf-aaa-user access-operations create,read,update,delete
set nacm rule-list any-group rule tailf-aaa-user action permit
set nacm rule-list any-group rule tailf-webui-user module-name tailf-webui
set nacm rule-list any-group rule tailf-webui-user path /webui/data-stores/user-profile[username='$USER']
set nacm rule-list any-group rule tailf-webui-user access-operations create,read,update,delete
set nacm rule-list any-group rule tailf-webui-user action permit
set nacm rule-list oper group [ oper ]
set nacm rule-list oper rule allow access-operations read
set nacm rule-list oper rule allow action permit
set nacm rule-list oper rule rest action deny
set nacm rule-list oper cmdrule denyshell command shell
set nacm rule-list oper cmdrule denyshell action deny
set nacm rule-list oper cmdrule denysystem command "request system"
set nacm rule-list oper cmdrule denysystem action deny
set nacm rule-list oper cmdrule denyclear command "request clear"
set nacm rule-list oper cmdrule denyclear action deny
set nacm rule-list oper cmdrule denyrbk command rollback
set nacm rule-list oper cmdrule denyrbk action deny
set nacm rule-list oper cmdrule read_only command *
set nacm rule-list oper cmdrule read_only access-operations read,exec
set nacm rule-list oper cmdrule read_only action permit
set nacm rule-list IPC02945-adc-admin-rules group [ IPC02945-adc-admin-group ]
set nacm rule-list IPC02945-adc-admin-rules rule r1 path /orgs/org-services[name='IPC02945']/adc
set nacm rule-list IPC02945-adc-admin-rules rule r1 access-operations *
set nacm rule-list IPC02945-adc-admin-rules rule r1 action permit
set nacm rule-list IPC02945-adc-admin-rules rule r2 path /
set nacm rule-list IPC02945-adc-admin-rules rule r2 access-operations *
set nacm rule-list IPC02945-adc-admin-rules rule r2 action deny
set nacm rule-list IPC02945-adc-admin-rules cmdrule r3 command request
set nacm rule-list IPC02945-adc-admin-rules cmdrule r3 access-operations *
set nacm rule-list IPC02945-adc-admin-rules cmdrule r3 action deny
set nacm rule-list IPC02945-adc-admin-rules cmdrule r4 command shell
set nacm rule-list IPC02945-adc-admin-rules cmdrule r4 access-operations *
set nacm rule-list IPC02945-adc-admin-rules cmdrule r4 action deny
set nacm rule-list IPC02945-adc-admin-rules cmdrule r5 command rollback
set nacm rule-list IPC02945-adc-admin-rules cmdrule r5 access-operations *
set nacm rule-list IPC02945-adc-admin-rules cmdrule r5 action deny
set nacm rule-list IPC02945-adc-admin-rules cmdrule r6 command *
set nacm rule-list IPC02945-adc-admin-rules cmdrule r6 action permit
set nacm rule-list IPC02945-cgnat-admin-rules group [ IPC02945-cgnat-admin-group ]
set nacm rule-list IPC02945-cgnat-admin-rules rule r1 path /orgs/org-services[name='IPC02945']/cgnat
set nacm rule-list IPC02945-cgnat-admin-rules rule r1 access-operations *
set nacm rule-list IPC02945-cgnat-admin-rules rule r1 action permit
set nacm rule-list IPC02945-cgnat-admin-rules rule r2 path /
set nacm rule-list IPC02945-cgnat-admin-rules rule r2 access-operations *
set nacm rule-list IPC02945-cgnat-admin-rules rule r2 action deny
set nacm rule-list IPC02945-cgnat-admin-rules cmdrule r3 command request
set nacm rule-list IPC02945-cgnat-admin-rules cmdrule r3 access-operations *
set nacm rule-list IPC02945-cgnat-admin-rules cmdrule r3 action deny
set nacm rule-list IPC02945-cgnat-admin-rules cmdrule r4 command shell
set nacm rule-list IPC02945-cgnat-admin-rules cmdrule r4 access-operations *
set nacm rule-list IPC02945-cgnat-admin-rules cmdrule r4 action deny
set nacm rule-list IPC02945-cgnat-admin-rules cmdrule r5 command rollback
set nacm rule-list IPC02945-cgnat-admin-rules cmdrule r5 access-operations *
set nacm rule-list IPC02945-cgnat-admin-rules cmdrule r5 action deny
set nacm rule-list IPC02945-cgnat-admin-rules cmdrule r6 command *
set nacm rule-list IPC02945-cgnat-admin-rules cmdrule r6 action permit
set nacm rule-list IPC02945-network-admin-rules group [ IPC02945-network-admin-group ]
set nacm rule-list IPC02945-network-admin-rules rule r1 path /interfaces
set nacm rule-list IPC02945-network-admin-rules rule r1 access-operations *
set nacm rule-list IPC02945-network-admin-rules rule r1 action permit
set nacm rule-list IPC02945-network-admin-rules rule r2 path /routing-instances
set nacm rule-list IPC02945-network-admin-rules rule r2 access-operations *
set nacm rule-list IPC02945-network-admin-rules rule r2 action permit
set nacm rule-list IPC02945-network-admin-rules rule r3 path /networks
set nacm rule-list IPC02945-network-admin-rules rule r3 access-operations *
set nacm rule-list IPC02945-network-admin-rules rule r3 action permit
set nacm rule-list IPC02945-network-admin-rules cmdrule r4 command request
set nacm rule-list IPC02945-network-admin-rules cmdrule r4 access-operations *
set nacm rule-list IPC02945-network-admin-rules cmdrule r4 action deny
set nacm rule-list IPC02945-network-admin-rules cmdrule r5 command shell
set nacm rule-list IPC02945-network-admin-rules cmdrule r5 access-operations *
set nacm rule-list IPC02945-network-admin-rules cmdrule r5 action deny
set nacm rule-list IPC02945-network-admin-rules cmdrule r6 command rollback
set nacm rule-list IPC02945-network-admin-rules cmdrule r6 access-operations *
set nacm rule-list IPC02945-network-admin-rules cmdrule r6 action deny
set nacm rule-list IPC02945-network-admin-rules cmdrule r7 command *
set nacm rule-list IPC02945-network-admin-rules cmdrule r7 action permit
set nacm rule-list IPC02945-oper-rules group [ IPC02945-oper-group ]
set nacm rule-list IPC02945-oper-rules rule r1 path /orgs/org-services[name='IPC02945']
set nacm rule-list IPC02945-oper-rules rule r1 access-operations read
set nacm rule-list IPC02945-oper-rules rule r1 action permit
set nacm rule-list IPC02945-oper-rules rule r2 path /
set nacm rule-list IPC02945-oper-rules rule r2 access-operations *
set nacm rule-list IPC02945-oper-rules rule r2 action deny
set nacm rule-list IPC02945-oper-rules cmdrule r3 command "request clear"
set nacm rule-list IPC02945-oper-rules cmdrule r3 access-operations *
set nacm rule-list IPC02945-oper-rules cmdrule r3 action deny
set nacm rule-list IPC02945-oper-rules cmdrule r4 command "request system"
set nacm rule-list IPC02945-oper-rules cmdrule r4 access-operations *
set nacm rule-list IPC02945-oper-rules cmdrule r4 action deny
set nacm rule-list IPC02945-oper-rules cmdrule r5 command shell
set nacm rule-list IPC02945-oper-rules cmdrule r5 access-operations *
set nacm rule-list IPC02945-oper-rules cmdrule r5 action deny
set nacm rule-list IPC02945-oper-rules cmdrule r6 command rollback
set nacm rule-list IPC02945-oper-rules cmdrule r6 access-operations *
set nacm rule-list IPC02945-oper-rules cmdrule r6 action deny
set nacm rule-list IPC02945-oper-rules cmdrule r7 command *
set nacm rule-list IPC02945-oper-rules cmdrule r7 action permit
set nacm rule-list IPC02945-sdwan-admin-rules group [ IPC02945-sdwan-admin-group ]
set nacm rule-list IPC02945-sdwan-admin-rules rule r1 path /system/sd-wan
set nacm rule-list IPC02945-sdwan-admin-rules rule r1 access-operations *
set nacm rule-list IPC02945-sdwan-admin-rules rule r1 action permit
set nacm rule-list IPC02945-sdwan-admin-rules rule r2 path /routing-instances
set nacm rule-list IPC02945-sdwan-admin-rules rule r2 access-operations *
set nacm rule-list IPC02945-sdwan-admin-rules rule r2 action permit
set nacm rule-list IPC02945-sdwan-admin-rules rule r3 path /orgs/org[name='IPC02945']/sd-wan
set nacm rule-list IPC02945-sdwan-admin-rules rule r3 access-operations *
set nacm rule-list IPC02945-sdwan-admin-rules rule r3 action permit
set nacm rule-list IPC02945-sdwan-admin-rules rule r4 path /orgs/org-services[name='IPC02945']/lef
set nacm rule-list IPC02945-sdwan-admin-rules rule r4 access-operations *
set nacm rule-list IPC02945-sdwan-admin-rules rule r4 action permit
set nacm rule-list IPC02945-sdwan-admin-rules rule r5 path /orgs/org-services[name='IPC02945']/ipsec
set nacm rule-list IPC02945-sdwan-admin-rules rule r5 access-operations *
set nacm rule-list IPC02945-sdwan-admin-rules rule r5 action permit
set nacm rule-list IPC02945-sdwan-admin-rules rule r6 path /orgs/org-services[name='IPC02945']/cgnat
set nacm rule-list IPC02945-sdwan-admin-rules rule r6 access-operations *
set nacm rule-list IPC02945-sdwan-admin-rules rule r6 action permit
set nacm rule-list IPC02945-sdwan-admin-rules rule r7 path /orgs/org-services[name='IPC02945']/sd-wan
set nacm rule-list IPC02945-sdwan-admin-rules rule r7 access-operations *
set nacm rule-list IPC02945-sdwan-admin-rules rule r7 action permit
set nacm rule-list IPC02945-sdwan-admin-rules rule r8 path /
set nacm rule-list IPC02945-sdwan-admin-rules rule r8 access-operations *
set nacm rule-list IPC02945-sdwan-admin-rules rule r8 action deny
set nacm rule-list IPC02945-sdwan-admin-rules cmdrule r9 command request
set nacm rule-list IPC02945-sdwan-admin-rules cmdrule r9 access-operations *
set nacm rule-list IPC02945-sdwan-admin-rules cmdrule r9 action deny
set nacm rule-list IPC02945-sdwan-admin-rules cmdrule r10 command shell
set nacm rule-list IPC02945-sdwan-admin-rules cmdrule r10 access-operations *
set nacm rule-list IPC02945-sdwan-admin-rules cmdrule r10 action deny
set nacm rule-list IPC02945-sdwan-admin-rules cmdrule r11 command rollback
set nacm rule-list IPC02945-sdwan-admin-rules cmdrule r11 access-operations *
set nacm rule-list IPC02945-sdwan-admin-rules cmdrule r11 action deny
set nacm rule-list IPC02945-sdwan-admin-rules cmdrule r12 command *
set nacm rule-list IPC02945-sdwan-admin-rules cmdrule r12 action permit
set nacm rule-list IPC02945-security-admin-rules group [ IPC02945-security-admin-group ]
set nacm rule-list IPC02945-security-admin-rules rule r1 path /predefineded-actions
set nacm rule-list IPC02945-security-admin-rules rule r1 access-operations read
set nacm rule-list IPC02945-security-admin-rules rule r1 action permit
set nacm rule-list IPC02945-security-admin-rules rule r2 path /predefineded-appid
set nacm rule-list IPC02945-security-admin-rules rule r2 access-operations read
set nacm rule-list IPC02945-security-admin-rules rule r2 action permit
set nacm rule-list IPC02945-security-admin-rules rule r3 path /predefined-file-extract-apps
set nacm rule-list IPC02945-security-admin-rules rule r3 access-operations read
set nacm rule-list IPC02945-security-admin-rules rule r3 action permit
set nacm rule-list IPC02945-security-admin-rules rule r4 path /predefined-file-extract-apps
set nacm rule-list IPC02945-security-admin-rules rule r4 access-operations read
set nacm rule-list IPC02945-security-admin-rules rule r4 action permit
set nacm rule-list IPC02945-security-admin-rules rule r5 path /predefined-file-types
set nacm rule-list IPC02945-security-admin-rules rule r5 access-operations read
set nacm rule-list IPC02945-security-admin-rules rule r5 action permit
set nacm rule-list IPC02945-security-admin-rules rule r6 path /predefined-filefilter
set nacm rule-list IPC02945-security-admin-rules rule r6 access-operations read
set nacm rule-list IPC02945-security-admin-rules rule r6 action permit
set nacm rule-list IPC02945-security-admin-rules rule r7 path /predefined-geoip
set nacm rule-list IPC02945-security-admin-rules rule r7 access-operations read
set nacm rule-list IPC02945-security-admin-rules rule r7 action permit
set nacm rule-list IPC02945-security-admin-rules rule r8 path /predefined-iprep
set nacm rule-list IPC02945-security-admin-rules rule r8 access-operations read
set nacm rule-list IPC02945-security-admin-rules rule r8 action permit
set nacm rule-list IPC02945-security-admin-rules rule r9 path /predefined-ips-scanner-parameters
set nacm rule-list IPC02945-security-admin-rules rule r9 access-operations read
set nacm rule-list IPC02945-security-admin-rules rule r9 action permit
set nacm rule-list IPC02945-security-admin-rules rule r10 path /predefined-ips-scanners
set nacm rule-list IPC02945-security-admin-rules rule r10 access-operations read
set nacm rule-list IPC02945-security-admin-rules rule r10 action permit
set nacm rule-list IPC02945-security-admin-rules rule r11 path /predefined-ips
set nacm rule-list IPC02945-security-admin-rules rule r11 access-operations read
set nacm rule-list IPC02945-security-admin-rules rule r11 action permit
set nacm rule-list IPC02945-security-admin-rules rule r12 path /predefined-services
set nacm rule-list IPC02945-security-admin-rules rule r12 access-operations read
set nacm rule-list IPC02945-security-admin-rules rule r12 action permit
set nacm rule-list IPC02945-security-admin-rules rule r13 path /predefined-url-categories
set nacm rule-list IPC02945-security-admin-rules rule r13 access-operations read
set nacm rule-list IPC02945-security-admin-rules rule r13 action permit
set nacm rule-list IPC02945-security-admin-rules rule r14 path /predefined-url-reputations
set nacm rule-list IPC02945-security-admin-rules rule r14 access-operations read
set nacm rule-list IPC02945-security-admin-rules rule r14 action permit
set nacm rule-list IPC02945-security-admin-rules rule r15 path /networks
set nacm rule-list IPC02945-security-admin-rules rule r15 access-operations read
set nacm rule-list IPC02945-security-admin-rules rule r15 action permit
set nacm rule-list IPC02945-security-admin-rules rule r16 path /orgs/org-services[name='IPC02945']/lef
set nacm rule-list IPC02945-security-admin-rules rule r16 access-operations read
set nacm rule-list IPC02945-security-admin-rules rule r16 action permit
set nacm rule-list IPC02945-security-admin-rules rule r17 path /orgs/org-services[name='IPC02945']/security
set nacm rule-list IPC02945-security-admin-rules rule r17 access-operations *
set nacm rule-list IPC02945-security-admin-rules rule r17 action permit
set nacm rule-list IPC02945-security-admin-rules rule r18 path /orgs/org-services[name='IPC02945']/objects
set nacm rule-list IPC02945-security-admin-rules rule r18 access-operations *
set nacm rule-list IPC02945-security-admin-rules rule r18 action permit
set nacm rule-list IPC02945-security-admin-rules rule r19 path /
set nacm rule-list IPC02945-security-admin-rules rule r19 access-operations *
set nacm rule-list IPC02945-security-admin-rules rule r19 action deny
set nacm rule-list IPC02945-security-admin-rules cmdrule r20 command request
set nacm rule-list IPC02945-security-admin-rules cmdrule r20 access-operations *
set nacm rule-list IPC02945-security-admin-rules cmdrule r20 action deny
set nacm rule-list IPC02945-security-admin-rules cmdrule r21 command shell
set nacm rule-list IPC02945-security-admin-rules cmdrule r21 access-operations *
set nacm rule-list IPC02945-security-admin-rules cmdrule r21 action deny
set nacm rule-list IPC02945-security-admin-rules cmdrule r22 command *
set nacm rule-list IPC02945-security-admin-rules cmdrule r22 action permit
set nacm rule-list IPC02945-tenant-admin-rules group [ IPC02945-tenant-admin-group ]
set nacm rule-list IPC02945-tenant-admin-rules rule r1 path /orgs/org-services[name='IPC02945']
set nacm rule-list IPC02945-tenant-admin-rules rule r1 access-operations *
set nacm rule-list IPC02945-tenant-admin-rules rule r1 action permit
set nacm rule-list IPC02945-tenant-admin-rules rule r2 path /
set nacm rule-list IPC02945-tenant-admin-rules rule r2 access-operations *
set nacm rule-list IPC02945-tenant-admin-rules rule r2 action deny
set nacm rule-list IPC02945-tenant-admin-rules cmdrule r3 command shell
set nacm rule-list IPC02945-tenant-admin-rules cmdrule r3 access-operations *
set nacm rule-list IPC02945-tenant-admin-rules cmdrule r3 action deny
set nacm rule-list IPC02945-tenant-admin-rules cmdrule r4 command rollback
set nacm rule-list IPC02945-tenant-admin-rules cmdrule r4 access-operations *
set nacm rule-list IPC02945-tenant-admin-rules cmdrule r4 action deny
set nacm rule-list IPC02945-tenant-admin-rules cmdrule r5 command *
set nacm rule-list IPC02945-tenant-admin-rules cmdrule r5 action permit
set nacm cmd-read-default deny
set nacm cmd-exec-default deny
[ok][2020-10-15 09:19:19]
smurugesan2@BRU000146-cli> 
